Start testing: Jun 17 01:22 -03
----------------------------------------------------------
1/149 Testing: check_rapidcheck
1/149 Test: check_rapidcheck
Command: "/home/renan/iccad2016uffs/test/TestRapidCheck.x"
Directory: /home/renan/iccad2016uffs/test
"check_rapidcheck" start time: Jun 17 01:22 -03
Output:
----------------------------------------------------------
Using configuration: seed=15500535267887606564

- double reversal yields the original value
OK, passed 100 tests

- nodes zero and one have no inputs
OK, passed 100 tests

- inputs have no incomming edges and outputs have no outgoing edges
OK, passed 100 tests

- check if a graph is simulated 2 times with same input, it outputs the same results
OK, passed 100 tests

- checks that a graph is always equivalent to itself
OK, passed 100 tests
<end of output>
Test time =   0.09 sec
----------------------------------------------------------
Test Passed.
"check_rapidcheck" end time: Jun 17 01:22 -03
"check_rapidcheck" time elapsed: 00:00:00
----------------------------------------------------------

2/149 Testing: check_if_spirit_runs
2/149 Test: check_if_spirit_runs
Command: "/home/renan/iccad2016uffs/test/TestSpirit1.x"
Directory: /home/renan/iccad2016uffs/test
"check_if_spirit_runs" start time: Jun 17 01:22 -03
Output:
----------------------------------------------------------
Result: aaoeu_123_123
<end of output>
Test time =   0.00 sec
----------------------------------------------------------
Test Passed.
"check_if_spirit_runs" end time: Jun 17 01:22 -03
"check_if_spirit_runs" time elapsed: 00:00:00
----------------------------------------------------------

3/149 Testing: check_if_converter_runs
3/149 Test: check_if_converter_runs
Command: "/home/renan/iccad2016uffs/test/TestConvert1.x" "../testcases/BDD/in_1.v"
Directory: /home/renan/iccad2016uffs/test
"check_if_converter_runs" start time: Jun 17 01:22 -03
Output:
----------------------------------------------------------
<end of output>
Test time =   0.00 sec
----------------------------------------------------------
Test Passed.
"check_if_converter_runs" end time: Jun 17 01:22 -03
"check_if_converter_runs" time elapsed: 00:00:00
----------------------------------------------------------

4/149 Testing: check_if_simulator_runs_./testcases/trivial/buf1.v
4/149 Test: check_if_simulator_runs_./testcases/trivial/buf1.v
Command: "/home/renan/iccad2016uffs/test/TestSimulateGraph.x" ".././testcases/trivial/buf1.v"
Directory: /home/renan/iccad2016uffs/test
"check_if_simulator_runs_./testcases/trivial/buf1.v" start time: Jun 17 01:22 -03
Output:
----------------------------------------------------------
<end of output>
Test time =   0.00 sec
----------------------------------------------------------
Test Passed.
"check_if_simulator_runs_./testcases/trivial/buf1.v" end time: Jun 17 01:22 -03
"check_if_simulator_runs_./testcases/trivial/buf1.v" time elapsed: 00:00:00
----------------------------------------------------------

5/149 Testing: check_if_parser_runs_./testcases/trivial/buf1.v
5/149 Test: check_if_parser_runs_./testcases/trivial/buf1.v
Command: "/home/renan/iccad2016uffs/test/TestParser1.x" ".././testcases/trivial/buf1.v"
Directory: /home/renan/iccad2016uffs/test
"check_if_parser_runs_./testcases/trivial/buf1.v" start time: Jun 17 01:22 -03
Output:
----------------------------------------------------------
<end of output>
Test time =   0.00 sec
----------------------------------------------------------
Test Passed.
"check_if_parser_runs_./testcases/trivial/buf1.v" end time: Jun 17 01:22 -03
"check_if_parser_runs_./testcases/trivial/buf1.v" time elapsed: 00:00:00
----------------------------------------------------------

6/149 Testing: check_if_simulator_runs_./testcases/trivial/or1.v
6/149 Test: check_if_simulator_runs_./testcases/trivial/or1.v
Command: "/home/renan/iccad2016uffs/test/TestSimulateGraph.x" ".././testcases/trivial/or1.v"
Directory: /home/renan/iccad2016uffs/test
"check_if_simulator_runs_./testcases/trivial/or1.v" start time: Jun 17 01:22 -03
Output:
----------------------------------------------------------
<end of output>
Test time =   0.00 sec
----------------------------------------------------------
Test Passed.
"check_if_simulator_runs_./testcases/trivial/or1.v" end time: Jun 17 01:22 -03
"check_if_simulator_runs_./testcases/trivial/or1.v" time elapsed: 00:00:00
----------------------------------------------------------

7/149 Testing: check_if_parser_runs_./testcases/trivial/or1.v
7/149 Test: check_if_parser_runs_./testcases/trivial/or1.v
Command: "/home/renan/iccad2016uffs/test/TestParser1.x" ".././testcases/trivial/or1.v"
Directory: /home/renan/iccad2016uffs/test
"check_if_parser_runs_./testcases/trivial/or1.v" start time: Jun 17 01:22 -03
Output:
----------------------------------------------------------
<end of output>
Test time =   0.00 sec
----------------------------------------------------------
Test Passed.
"check_if_parser_runs_./testcases/trivial/or1.v" end time: Jun 17 01:22 -03
"check_if_parser_runs_./testcases/trivial/or1.v" time elapsed: 00:00:00
----------------------------------------------------------

8/149 Testing: check_if_simulator_runs_./testcases/trivial/and1.v
8/149 Test: check_if_simulator_runs_./testcases/trivial/and1.v
Command: "/home/renan/iccad2016uffs/test/TestSimulateGraph.x" ".././testcases/trivial/and1.v"
Directory: /home/renan/iccad2016uffs/test
"check_if_simulator_runs_./testcases/trivial/and1.v" start time: Jun 17 01:22 -03
Output:
----------------------------------------------------------
<end of output>
Test time =   0.00 sec
----------------------------------------------------------
Test Passed.
"check_if_simulator_runs_./testcases/trivial/and1.v" end time: Jun 17 01:22 -03
"check_if_simulator_runs_./testcases/trivial/and1.v" time elapsed: 00:00:00
----------------------------------------------------------

9/149 Testing: check_if_parser_runs_./testcases/trivial/and1.v
9/149 Test: check_if_parser_runs_./testcases/trivial/and1.v
Command: "/home/renan/iccad2016uffs/test/TestParser1.x" ".././testcases/trivial/and1.v"
Directory: /home/renan/iccad2016uffs/test
"check_if_parser_runs_./testcases/trivial/and1.v" start time: Jun 17 01:22 -03
Output:
----------------------------------------------------------
<end of output>
Test time =   0.00 sec
----------------------------------------------------------
Test Passed.
"check_if_parser_runs_./testcases/trivial/and1.v" end time: Jun 17 01:22 -03
"check_if_parser_runs_./testcases/trivial/and1.v" time elapsed: 00:00:00
----------------------------------------------------------

10/149 Testing: check_if_simulator_runs_./testcases/trivial/not1.v
10/149 Test: check_if_simulator_runs_./testcases/trivial/not1.v
Command: "/home/renan/iccad2016uffs/test/TestSimulateGraph.x" ".././testcases/trivial/not1.v"
Directory: /home/renan/iccad2016uffs/test
"check_if_simulator_runs_./testcases/trivial/not1.v" start time: Jun 17 01:22 -03
Output:
----------------------------------------------------------
<end of output>
Test time =   0.00 sec
----------------------------------------------------------
Test Passed.
"check_if_simulator_runs_./testcases/trivial/not1.v" end time: Jun 17 01:22 -03
"check_if_simulator_runs_./testcases/trivial/not1.v" time elapsed: 00:00:00
----------------------------------------------------------

11/149 Testing: check_if_parser_runs_./testcases/trivial/not1.v
11/149 Test: check_if_parser_runs_./testcases/trivial/not1.v
Command: "/home/renan/iccad2016uffs/test/TestParser1.x" ".././testcases/trivial/not1.v"
Directory: /home/renan/iccad2016uffs/test
"check_if_parser_runs_./testcases/trivial/not1.v" start time: Jun 17 01:22 -03
Output:
----------------------------------------------------------
<end of output>
Test time =   0.00 sec
----------------------------------------------------------
Test Passed.
"check_if_parser_runs_./testcases/trivial/not1.v" end time: Jun 17 01:22 -03
"check_if_parser_runs_./testcases/trivial/not1.v" time elapsed: 00:00:00
----------------------------------------------------------

12/149 Testing: check_if_simulator_runs_./testcases/trivial/nand1.v
12/149 Test: check_if_simulator_runs_./testcases/trivial/nand1.v
Command: "/home/renan/iccad2016uffs/test/TestSimulateGraph.x" ".././testcases/trivial/nand1.v"
Directory: /home/renan/iccad2016uffs/test
"check_if_simulator_runs_./testcases/trivial/nand1.v" start time: Jun 17 01:22 -03
Output:
----------------------------------------------------------
<end of output>
Test time =   0.00 sec
----------------------------------------------------------
Test Passed.
"check_if_simulator_runs_./testcases/trivial/nand1.v" end time: Jun 17 01:22 -03
"check_if_simulator_runs_./testcases/trivial/nand1.v" time elapsed: 00:00:00
----------------------------------------------------------

13/149 Testing: check_if_parser_runs_./testcases/trivial/nand1.v
13/149 Test: check_if_parser_runs_./testcases/trivial/nand1.v
Command: "/home/renan/iccad2016uffs/test/TestParser1.x" ".././testcases/trivial/nand1.v"
Directory: /home/renan/iccad2016uffs/test
"check_if_parser_runs_./testcases/trivial/nand1.v" start time: Jun 17 01:22 -03
Output:
----------------------------------------------------------
<end of output>
Test time =   0.00 sec
----------------------------------------------------------
Test Passed.
"check_if_parser_runs_./testcases/trivial/nand1.v" end time: Jun 17 01:22 -03
"check_if_parser_runs_./testcases/trivial/nand1.v" time elapsed: 00:00:00
----------------------------------------------------------

14/149 Testing: check_if_simulator_runs_./testcases/BDD/in_1.v
14/149 Test: check_if_simulator_runs_./testcases/BDD/in_1.v
Command: "/home/renan/iccad2016uffs/test/TestSimulateGraph.x" ".././testcases/BDD/in_1.v"
Directory: /home/renan/iccad2016uffs/test
"check_if_simulator_runs_./testcases/BDD/in_1.v" start time: Jun 17 01:22 -03
Output:
----------------------------------------------------------
<end of output>
Test time =   0.00 sec
----------------------------------------------------------
Test Passed.
"check_if_simulator_runs_./testcases/BDD/in_1.v" end time: Jun 17 01:22 -03
"check_if_simulator_runs_./testcases/BDD/in_1.v" time elapsed: 00:00:00
----------------------------------------------------------

15/149 Testing: check_if_parser_runs_./testcases/BDD/in_1.v
15/149 Test: check_if_parser_runs_./testcases/BDD/in_1.v
Command: "/home/renan/iccad2016uffs/test/TestParser1.x" ".././testcases/BDD/in_1.v"
Directory: /home/renan/iccad2016uffs/test
"check_if_parser_runs_./testcases/BDD/in_1.v" start time: Jun 17 01:22 -03
Output:
----------------------------------------------------------
<end of output>
Test time =   0.00 sec
----------------------------------------------------------
Test Passed.
"check_if_parser_runs_./testcases/BDD/in_1.v" end time: Jun 17 01:22 -03
"check_if_parser_runs_./testcases/BDD/in_1.v" time elapsed: 00:00:00
----------------------------------------------------------

16/149 Testing: check_if_simulator_runs_./testcases/BDD/in_2.v
16/149 Test: check_if_simulator_runs_./testcases/BDD/in_2.v
Command: "/home/renan/iccad2016uffs/test/TestSimulateGraph.x" ".././testcases/BDD/in_2.v"
Directory: /home/renan/iccad2016uffs/test
"check_if_simulator_runs_./testcases/BDD/in_2.v" start time: Jun 17 01:22 -03
Output:
----------------------------------------------------------
<end of output>
Test time =   0.00 sec
----------------------------------------------------------
Test Passed.
"check_if_simulator_runs_./testcases/BDD/in_2.v" end time: Jun 17 01:22 -03
"check_if_simulator_runs_./testcases/BDD/in_2.v" time elapsed: 00:00:00
----------------------------------------------------------

17/149 Testing: check_if_parser_runs_./testcases/BDD/in_2.v
17/149 Test: check_if_parser_runs_./testcases/BDD/in_2.v
Command: "/home/renan/iccad2016uffs/test/TestParser1.x" ".././testcases/BDD/in_2.v"
Directory: /home/renan/iccad2016uffs/test
"check_if_parser_runs_./testcases/BDD/in_2.v" start time: Jun 17 01:22 -03
Output:
----------------------------------------------------------
<end of output>
Test time =   0.00 sec
----------------------------------------------------------
Test Passed.
"check_if_parser_runs_./testcases/BDD/in_2.v" end time: Jun 17 01:22 -03
"check_if_parser_runs_./testcases/BDD/in_2.v" time elapsed: 00:00:00
----------------------------------------------------------

18/149 Testing: check_if_simulator_runs_./testcases/BDD_wrong/in_1.v
18/149 Test: check_if_simulator_runs_./testcases/BDD_wrong/in_1.v
Command: "/home/renan/iccad2016uffs/test/TestSimulateGraph.x" ".././testcases/BDD_wrong/in_1.v"
Directory: /home/renan/iccad2016uffs/test
"check_if_simulator_runs_./testcases/BDD_wrong/in_1.v" start time: Jun 17 01:22 -03
Output:
----------------------------------------------------------
<end of output>
Test time =   0.00 sec
----------------------------------------------------------
Test Passed.
"check_if_simulator_runs_./testcases/BDD_wrong/in_1.v" end time: Jun 17 01:22 -03
"check_if_simulator_runs_./testcases/BDD_wrong/in_1.v" time elapsed: 00:00:00
----------------------------------------------------------

19/149 Testing: check_if_parser_runs_./testcases/BDD_wrong/in_1.v
19/149 Test: check_if_parser_runs_./testcases/BDD_wrong/in_1.v
Command: "/home/renan/iccad2016uffs/test/TestParser1.x" ".././testcases/BDD_wrong/in_1.v"
Directory: /home/renan/iccad2016uffs/test
"check_if_parser_runs_./testcases/BDD_wrong/in_1.v" start time: Jun 17 01:22 -03
Output:
----------------------------------------------------------
<end of output>
Test time =   0.00 sec
----------------------------------------------------------
Test Passed.
"check_if_parser_runs_./testcases/BDD_wrong/in_1.v" end time: Jun 17 01:22 -03
"check_if_parser_runs_./testcases/BDD_wrong/in_1.v" time elapsed: 00:00:00
----------------------------------------------------------

20/149 Testing: check_if_simulator_runs_./testcases/BDD_wrong/in_2.v
20/149 Test: check_if_simulator_runs_./testcases/BDD_wrong/in_2.v
Command: "/home/renan/iccad2016uffs/test/TestSimulateGraph.x" ".././testcases/BDD_wrong/in_2.v"
Directory: /home/renan/iccad2016uffs/test
"check_if_simulator_runs_./testcases/BDD_wrong/in_2.v" start time: Jun 17 01:22 -03
Output:
----------------------------------------------------------
<end of output>
Test time =   0.01 sec
----------------------------------------------------------
Test Passed.
"check_if_simulator_runs_./testcases/BDD_wrong/in_2.v" end time: Jun 17 01:22 -03
"check_if_simulator_runs_./testcases/BDD_wrong/in_2.v" time elapsed: 00:00:00
----------------------------------------------------------

21/149 Testing: check_if_parser_runs_./testcases/BDD_wrong/in_2.v
21/149 Test: check_if_parser_runs_./testcases/BDD_wrong/in_2.v
Command: "/home/renan/iccad2016uffs/test/TestParser1.x" ".././testcases/BDD_wrong/in_2.v"
Directory: /home/renan/iccad2016uffs/test
"check_if_parser_runs_./testcases/BDD_wrong/in_2.v" start time: Jun 17 01:22 -03
Output:
----------------------------------------------------------
<end of output>
Test time =   0.00 sec
----------------------------------------------------------
Test Passed.
"check_if_parser_runs_./testcases/BDD_wrong/in_2.v" end time: Jun 17 01:22 -03
"check_if_parser_runs_./testcases/BDD_wrong/in_2.v" time elapsed: 00:00:00
----------------------------------------------------------

22/149 Testing: check_if_simulator_runs_./testcases/cad16_np3_case/case0/cir2.v
22/149 Test: check_if_simulator_runs_./testcases/cad16_np3_case/case0/cir2.v
Command: "/home/renan/iccad2016uffs/test/TestSimulateGraph.x" ".././testcases/cad16_np3_case/case0/cir2.v"
Directory: /home/renan/iccad2016uffs/test
"check_if_simulator_runs_./testcases/cad16_np3_case/case0/cir2.v" start time: Jun 17 01:22 -03
Output:
----------------------------------------------------------
<end of output>
Test time =   0.00 sec
----------------------------------------------------------
Test Passed.
"check_if_simulator_runs_./testcases/cad16_np3_case/case0/cir2.v" end time: Jun 17 01:22 -03
"check_if_simulator_runs_./testcases/cad16_np3_case/case0/cir2.v" time elapsed: 00:00:00
----------------------------------------------------------

23/149 Testing: check_if_parser_runs_./testcases/cad16_np3_case/case0/cir2.v
23/149 Test: check_if_parser_runs_./testcases/cad16_np3_case/case0/cir2.v
Command: "/home/renan/iccad2016uffs/test/TestParser1.x" ".././testcases/cad16_np3_case/case0/cir2.v"
Directory: /home/renan/iccad2016uffs/test
"check_if_parser_runs_./testcases/cad16_np3_case/case0/cir2.v" start time: Jun 17 01:22 -03
Output:
----------------------------------------------------------
<end of output>
Test time =   0.00 sec
----------------------------------------------------------
Test Passed.
"check_if_parser_runs_./testcases/cad16_np3_case/case0/cir2.v" end time: Jun 17 01:22 -03
"check_if_parser_runs_./testcases/cad16_np3_case/case0/cir2.v" time elapsed: 00:00:00
----------------------------------------------------------

24/149 Testing: check_if_simulator_runs_./testcases/cad16_np3_case/case0/cir1.v
24/149 Test: check_if_simulator_runs_./testcases/cad16_np3_case/case0/cir1.v
Command: "/home/renan/iccad2016uffs/test/TestSimulateGraph.x" ".././testcases/cad16_np3_case/case0/cir1.v"
Directory: /home/renan/iccad2016uffs/test
"check_if_simulator_runs_./testcases/cad16_np3_case/case0/cir1.v" start time: Jun 17 01:22 -03
Output:
----------------------------------------------------------
<end of output>
Test time =   0.00 sec
----------------------------------------------------------
Test Passed.
"check_if_simulator_runs_./testcases/cad16_np3_case/case0/cir1.v" end time: Jun 17 01:22 -03
"check_if_simulator_runs_./testcases/cad16_np3_case/case0/cir1.v" time elapsed: 00:00:00
----------------------------------------------------------

25/149 Testing: check_if_parser_runs_./testcases/cad16_np3_case/case0/cir1.v
25/149 Test: check_if_parser_runs_./testcases/cad16_np3_case/case0/cir1.v
Command: "/home/renan/iccad2016uffs/test/TestParser1.x" ".././testcases/cad16_np3_case/case0/cir1.v"
Directory: /home/renan/iccad2016uffs/test
"check_if_parser_runs_./testcases/cad16_np3_case/case0/cir1.v" start time: Jun 17 01:22 -03
Output:
----------------------------------------------------------
<end of output>
Test time =   0.00 sec
----------------------------------------------------------
Test Passed.
"check_if_parser_runs_./testcases/cad16_np3_case/case0/cir1.v" end time: Jun 17 01:22 -03
"check_if_parser_runs_./testcases/cad16_np3_case/case0/cir1.v" time elapsed: 00:00:00
----------------------------------------------------------

26/149 Testing: check_if_simulator_runs_./testcases/cad16_np3_case/case1/cir2.v
26/149 Test: check_if_simulator_runs_./testcases/cad16_np3_case/case1/cir2.v
Command: "/home/renan/iccad2016uffs/test/TestSimulateGraph.x" ".././testcases/cad16_np3_case/case1/cir2.v"
Directory: /home/renan/iccad2016uffs/test
"check_if_simulator_runs_./testcases/cad16_np3_case/case1/cir2.v" start time: Jun 17 01:22 -03
Output:
----------------------------------------------------------
<end of output>
Test time =   0.05 sec
----------------------------------------------------------
Test Passed.
"check_if_simulator_runs_./testcases/cad16_np3_case/case1/cir2.v" end time: Jun 17 01:22 -03
"check_if_simulator_runs_./testcases/cad16_np3_case/case1/cir2.v" time elapsed: 00:00:00
----------------------------------------------------------

27/149 Testing: check_if_parser_runs_./testcases/cad16_np3_case/case1/cir2.v
27/149 Test: check_if_parser_runs_./testcases/cad16_np3_case/case1/cir2.v
Command: "/home/renan/iccad2016uffs/test/TestParser1.x" ".././testcases/cad16_np3_case/case1/cir2.v"
Directory: /home/renan/iccad2016uffs/test
"check_if_parser_runs_./testcases/cad16_np3_case/case1/cir2.v" start time: Jun 17 01:22 -03
Output:
----------------------------------------------------------
<end of output>
Test time =   0.03 sec
----------------------------------------------------------
Test Passed.
"check_if_parser_runs_./testcases/cad16_np3_case/case1/cir2.v" end time: Jun 17 01:22 -03
"check_if_parser_runs_./testcases/cad16_np3_case/case1/cir2.v" time elapsed: 00:00:00
----------------------------------------------------------

28/149 Testing: check_if_simulator_runs_./testcases/cad16_np3_case/case1/cir1.v
28/149 Test: check_if_simulator_runs_./testcases/cad16_np3_case/case1/cir1.v
Command: "/home/renan/iccad2016uffs/test/TestSimulateGraph.x" ".././testcases/cad16_np3_case/case1/cir1.v"
Directory: /home/renan/iccad2016uffs/test
"check_if_simulator_runs_./testcases/cad16_np3_case/case1/cir1.v" start time: Jun 17 01:22 -03
Output:
----------------------------------------------------------
<end of output>
Test time =   0.04 sec
----------------------------------------------------------
Test Passed.
"check_if_simulator_runs_./testcases/cad16_np3_case/case1/cir1.v" end time: Jun 17 01:22 -03
"check_if_simulator_runs_./testcases/cad16_np3_case/case1/cir1.v" time elapsed: 00:00:00
----------------------------------------------------------

29/149 Testing: check_if_parser_runs_./testcases/cad16_np3_case/case1/cir1.v
29/149 Test: check_if_parser_runs_./testcases/cad16_np3_case/case1/cir1.v
Command: "/home/renan/iccad2016uffs/test/TestParser1.x" ".././testcases/cad16_np3_case/case1/cir1.v"
Directory: /home/renan/iccad2016uffs/test
"check_if_parser_runs_./testcases/cad16_np3_case/case1/cir1.v" start time: Jun 17 01:22 -03
Output:
----------------------------------------------------------
<end of output>
Test time =   0.03 sec
----------------------------------------------------------
Test Passed.
"check_if_parser_runs_./testcases/cad16_np3_case/case1/cir1.v" end time: Jun 17 01:22 -03
"check_if_parser_runs_./testcases/cad16_np3_case/case1/cir1.v" time elapsed: 00:00:00
----------------------------------------------------------

30/149 Testing: check_if_simulator_runs_./testcases/cad16_np3_case/case2/cir2.v
30/149 Test: check_if_simulator_runs_./testcases/cad16_np3_case/case2/cir2.v
Command: "/home/renan/iccad2016uffs/test/TestSimulateGraph.x" ".././testcases/cad16_np3_case/case2/cir2.v"
Directory: /home/renan/iccad2016uffs/test
"check_if_simulator_runs_./testcases/cad16_np3_case/case2/cir2.v" start time: Jun 17 01:22 -03
Output:
----------------------------------------------------------
<end of output>
Test time =   0.03 sec
----------------------------------------------------------
Test Passed.
"check_if_simulator_runs_./testcases/cad16_np3_case/case2/cir2.v" end time: Jun 17 01:22 -03
"check_if_simulator_runs_./testcases/cad16_np3_case/case2/cir2.v" time elapsed: 00:00:00
----------------------------------------------------------

31/149 Testing: check_if_parser_runs_./testcases/cad16_np3_case/case2/cir2.v
31/149 Test: check_if_parser_runs_./testcases/cad16_np3_case/case2/cir2.v
Command: "/home/renan/iccad2016uffs/test/TestParser1.x" ".././testcases/cad16_np3_case/case2/cir2.v"
Directory: /home/renan/iccad2016uffs/test
"check_if_parser_runs_./testcases/cad16_np3_case/case2/cir2.v" start time: Jun 17 01:22 -03
Output:
----------------------------------------------------------
<end of output>
Test time =   0.03 sec
----------------------------------------------------------
Test Passed.
"check_if_parser_runs_./testcases/cad16_np3_case/case2/cir2.v" end time: Jun 17 01:22 -03
"check_if_parser_runs_./testcases/cad16_np3_case/case2/cir2.v" time elapsed: 00:00:00
----------------------------------------------------------

32/149 Testing: check_if_simulator_runs_./testcases/cad16_np3_case/case2/cir1.v
32/149 Test: check_if_simulator_runs_./testcases/cad16_np3_case/case2/cir1.v
Command: "/home/renan/iccad2016uffs/test/TestSimulateGraph.x" ".././testcases/cad16_np3_case/case2/cir1.v"
Directory: /home/renan/iccad2016uffs/test
"check_if_simulator_runs_./testcases/cad16_np3_case/case2/cir1.v" start time: Jun 17 01:22 -03
Output:
----------------------------------------------------------
<end of output>
Test time =   0.03 sec
----------------------------------------------------------
Test Passed.
"check_if_simulator_runs_./testcases/cad16_np3_case/case2/cir1.v" end time: Jun 17 01:22 -03
"check_if_simulator_runs_./testcases/cad16_np3_case/case2/cir1.v" time elapsed: 00:00:00
----------------------------------------------------------

33/149 Testing: check_if_parser_runs_./testcases/cad16_np3_case/case2/cir1.v
33/149 Test: check_if_parser_runs_./testcases/cad16_np3_case/case2/cir1.v
Command: "/home/renan/iccad2016uffs/test/TestParser1.x" ".././testcases/cad16_np3_case/case2/cir1.v"
Directory: /home/renan/iccad2016uffs/test
"check_if_parser_runs_./testcases/cad16_np3_case/case2/cir1.v" start time: Jun 17 01:22 -03
Output:
----------------------------------------------------------
<end of output>
Test time =   0.03 sec
----------------------------------------------------------
Test Passed.
"check_if_parser_runs_./testcases/cad16_np3_case/case2/cir1.v" end time: Jun 17 01:22 -03
"check_if_parser_runs_./testcases/cad16_np3_case/case2/cir1.v" time elapsed: 00:00:00
----------------------------------------------------------

34/149 Testing: check_if_simulator_runs_./testcases/cad16_np3_case/case3/cir2.v
34/149 Test: check_if_simulator_runs_./testcases/cad16_np3_case/case3/cir2.v
Command: "/home/renan/iccad2016uffs/test/TestSimulateGraph.x" ".././testcases/cad16_np3_case/case3/cir2.v"
Directory: /home/renan/iccad2016uffs/test
"check_if_simulator_runs_./testcases/cad16_np3_case/case3/cir2.v" start time: Jun 17 01:22 -03
Output:
----------------------------------------------------------
<end of output>
Test time =   0.16 sec
----------------------------------------------------------
Test Passed.
"check_if_simulator_runs_./testcases/cad16_np3_case/case3/cir2.v" end time: Jun 17 01:22 -03
"check_if_simulator_runs_./testcases/cad16_np3_case/case3/cir2.v" time elapsed: 00:00:00
----------------------------------------------------------

35/149 Testing: check_if_parser_runs_./testcases/cad16_np3_case/case3/cir2.v
35/149 Test: check_if_parser_runs_./testcases/cad16_np3_case/case3/cir2.v
Command: "/home/renan/iccad2016uffs/test/TestParser1.x" ".././testcases/cad16_np3_case/case3/cir2.v"
Directory: /home/renan/iccad2016uffs/test
"check_if_parser_runs_./testcases/cad16_np3_case/case3/cir2.v" start time: Jun 17 01:22 -03
Output:
----------------------------------------------------------
<end of output>
Test time =   0.12 sec
----------------------------------------------------------
Test Passed.
"check_if_parser_runs_./testcases/cad16_np3_case/case3/cir2.v" end time: Jun 17 01:22 -03
"check_if_parser_runs_./testcases/cad16_np3_case/case3/cir2.v" time elapsed: 00:00:00
----------------------------------------------------------

36/149 Testing: check_if_simulator_runs_./testcases/cad16_np3_case/case3/cir1.v
36/149 Test: check_if_simulator_runs_./testcases/cad16_np3_case/case3/cir1.v
Command: "/home/renan/iccad2016uffs/test/TestSimulateGraph.x" ".././testcases/cad16_np3_case/case3/cir1.v"
Directory: /home/renan/iccad2016uffs/test
"check_if_simulator_runs_./testcases/cad16_np3_case/case3/cir1.v" start time: Jun 17 01:22 -03
Output:
----------------------------------------------------------
<end of output>
Test time =   0.41 sec
----------------------------------------------------------
Test Passed.
"check_if_simulator_runs_./testcases/cad16_np3_case/case3/cir1.v" end time: Jun 17 01:22 -03
"check_if_simulator_runs_./testcases/cad16_np3_case/case3/cir1.v" time elapsed: 00:00:00
----------------------------------------------------------

37/149 Testing: check_if_parser_runs_./testcases/cad16_np3_case/case3/cir1.v
37/149 Test: check_if_parser_runs_./testcases/cad16_np3_case/case3/cir1.v
Command: "/home/renan/iccad2016uffs/test/TestParser1.x" ".././testcases/cad16_np3_case/case3/cir1.v"
Directory: /home/renan/iccad2016uffs/test
"check_if_parser_runs_./testcases/cad16_np3_case/case3/cir1.v" start time: Jun 17 01:22 -03
Output:
----------------------------------------------------------
<end of output>
Test time =   0.31 sec
----------------------------------------------------------
Test Passed.
"check_if_parser_runs_./testcases/cad16_np3_case/case3/cir1.v" end time: Jun 17 01:22 -03
"check_if_parser_runs_./testcases/cad16_np3_case/case3/cir1.v" time elapsed: 00:00:00
----------------------------------------------------------

38/149 Testing: check_if_simulator_runs_./testcases/cad16_np3_case/case4/cir2.v
38/149 Test: check_if_simulator_runs_./testcases/cad16_np3_case/case4/cir2.v
Command: "/home/renan/iccad2016uffs/test/TestSimulateGraph.x" ".././testcases/cad16_np3_case/case4/cir2.v"
Directory: /home/renan/iccad2016uffs/test
"check_if_simulator_runs_./testcases/cad16_np3_case/case4/cir2.v" start time: Jun 17 01:22 -03
Output:
----------------------------------------------------------
<end of output>
Test time =   0.05 sec
----------------------------------------------------------
Test Passed.
"check_if_simulator_runs_./testcases/cad16_np3_case/case4/cir2.v" end time: Jun 17 01:22 -03
"check_if_simulator_runs_./testcases/cad16_np3_case/case4/cir2.v" time elapsed: 00:00:00
----------------------------------------------------------

39/149 Testing: check_if_parser_runs_./testcases/cad16_np3_case/case4/cir2.v
39/149 Test: check_if_parser_runs_./testcases/cad16_np3_case/case4/cir2.v
Command: "/home/renan/iccad2016uffs/test/TestParser1.x" ".././testcases/cad16_np3_case/case4/cir2.v"
Directory: /home/renan/iccad2016uffs/test
"check_if_parser_runs_./testcases/cad16_np3_case/case4/cir2.v" start time: Jun 17 01:22 -03
Output:
----------------------------------------------------------
<end of output>
Test time =   0.03 sec
----------------------------------------------------------
Test Passed.
"check_if_parser_runs_./testcases/cad16_np3_case/case4/cir2.v" end time: Jun 17 01:22 -03
"check_if_parser_runs_./testcases/cad16_np3_case/case4/cir2.v" time elapsed: 00:00:00
----------------------------------------------------------

40/149 Testing: check_if_simulator_runs_./testcases/cad16_np3_case/case4/cir1.v
40/149 Test: check_if_simulator_runs_./testcases/cad16_np3_case/case4/cir1.v
Command: "/home/renan/iccad2016uffs/test/TestSimulateGraph.x" ".././testcases/cad16_np3_case/case4/cir1.v"
Directory: /home/renan/iccad2016uffs/test
"check_if_simulator_runs_./testcases/cad16_np3_case/case4/cir1.v" start time: Jun 17 01:22 -03
Output:
----------------------------------------------------------
<end of output>
Test time =   0.04 sec
----------------------------------------------------------
Test Passed.
"check_if_simulator_runs_./testcases/cad16_np3_case/case4/cir1.v" end time: Jun 17 01:22 -03
"check_if_simulator_runs_./testcases/cad16_np3_case/case4/cir1.v" time elapsed: 00:00:00
----------------------------------------------------------

41/149 Testing: check_if_parser_runs_./testcases/cad16_np3_case/case4/cir1.v
41/149 Test: check_if_parser_runs_./testcases/cad16_np3_case/case4/cir1.v
Command: "/home/renan/iccad2016uffs/test/TestParser1.x" ".././testcases/cad16_np3_case/case4/cir1.v"
Directory: /home/renan/iccad2016uffs/test
"check_if_parser_runs_./testcases/cad16_np3_case/case4/cir1.v" start time: Jun 17 01:22 -03
Output:
----------------------------------------------------------
<end of output>
Test time =   0.03 sec
----------------------------------------------------------
Test Passed.
"check_if_parser_runs_./testcases/cad16_np3_case/case4/cir1.v" end time: Jun 17 01:22 -03
"check_if_parser_runs_./testcases/cad16_np3_case/case4/cir1.v" time elapsed: 00:00:00
----------------------------------------------------------

42/149 Testing: check_if_simulator_runs_./testcases/cad16_np3_case/case5/cir2.v
42/149 Test: check_if_simulator_runs_./testcases/cad16_np3_case/case5/cir2.v
Command: "/home/renan/iccad2016uffs/test/TestSimulateGraph.x" ".././testcases/cad16_np3_case/case5/cir2.v"
Directory: /home/renan/iccad2016uffs/test
"check_if_simulator_runs_./testcases/cad16_np3_case/case5/cir2.v" start time: Jun 17 01:22 -03
Output:
----------------------------------------------------------
<end of output>
Test time =   0.90 sec
----------------------------------------------------------
Test Passed.
"check_if_simulator_runs_./testcases/cad16_np3_case/case5/cir2.v" end time: Jun 17 01:22 -03
"check_if_simulator_runs_./testcases/cad16_np3_case/case5/cir2.v" time elapsed: 00:00:00
----------------------------------------------------------

43/149 Testing: check_if_parser_runs_./testcases/cad16_np3_case/case5/cir2.v
43/149 Test: check_if_parser_runs_./testcases/cad16_np3_case/case5/cir2.v
Command: "/home/renan/iccad2016uffs/test/TestParser1.x" ".././testcases/cad16_np3_case/case5/cir2.v"
Directory: /home/renan/iccad2016uffs/test
"check_if_parser_runs_./testcases/cad16_np3_case/case5/cir2.v" start time: Jun 17 01:22 -03
Output:
----------------------------------------------------------
<end of output>
Test time =   0.63 sec
----------------------------------------------------------
Test Passed.
"check_if_parser_runs_./testcases/cad16_np3_case/case5/cir2.v" end time: Jun 17 01:22 -03
"check_if_parser_runs_./testcases/cad16_np3_case/case5/cir2.v" time elapsed: 00:00:00
----------------------------------------------------------

44/149 Testing: check_if_simulator_runs_./testcases/cad16_np3_case/case5/cir1.v
44/149 Test: check_if_simulator_runs_./testcases/cad16_np3_case/case5/cir1.v
Command: "/home/renan/iccad2016uffs/test/TestSimulateGraph.x" ".././testcases/cad16_np3_case/case5/cir1.v"
Directory: /home/renan/iccad2016uffs/test
"check_if_simulator_runs_./testcases/cad16_np3_case/case5/cir1.v" start time: Jun 17 01:22 -03
Output:
----------------------------------------------------------
<end of output>
Test time =   0.84 sec
----------------------------------------------------------
Test Passed.
"check_if_simulator_runs_./testcases/cad16_np3_case/case5/cir1.v" end time: Jun 17 01:22 -03
"check_if_simulator_runs_./testcases/cad16_np3_case/case5/cir1.v" time elapsed: 00:00:00
----------------------------------------------------------

45/149 Testing: check_if_parser_runs_./testcases/cad16_np3_case/case5/cir1.v
45/149 Test: check_if_parser_runs_./testcases/cad16_np3_case/case5/cir1.v
Command: "/home/renan/iccad2016uffs/test/TestParser1.x" ".././testcases/cad16_np3_case/case5/cir1.v"
Directory: /home/renan/iccad2016uffs/test
"check_if_parser_runs_./testcases/cad16_np3_case/case5/cir1.v" start time: Jun 17 01:22 -03
Output:
----------------------------------------------------------
<end of output>
Test time =   0.59 sec
----------------------------------------------------------
Test Passed.
"check_if_parser_runs_./testcases/cad16_np3_case/case5/cir1.v" end time: Jun 17 01:22 -03
"check_if_parser_runs_./testcases/cad16_np3_case/case5/cir1.v" time elapsed: 00:00:00
----------------------------------------------------------

46/149 Testing: check_if_simulator_runs_./testcases/cad16_np3_case2/case6/cir2.v
46/149 Test: check_if_simulator_runs_./testcases/cad16_np3_case2/case6/cir2.v
Command: "/home/renan/iccad2016uffs/test/TestSimulateGraph.x" ".././testcases/cad16_np3_case2/case6/cir2.v"
Directory: /home/renan/iccad2016uffs/test
"check_if_simulator_runs_./testcases/cad16_np3_case2/case6/cir2.v" start time: Jun 17 01:22 -03
Output:
----------------------------------------------------------
<end of output>
Test time =   0.30 sec
----------------------------------------------------------
Test Passed.
"check_if_simulator_runs_./testcases/cad16_np3_case2/case6/cir2.v" end time: Jun 17 01:22 -03
"check_if_simulator_runs_./testcases/cad16_np3_case2/case6/cir2.v" time elapsed: 00:00:00
----------------------------------------------------------

47/149 Testing: check_if_parser_runs_./testcases/cad16_np3_case2/case6/cir2.v
47/149 Test: check_if_parser_runs_./testcases/cad16_np3_case2/case6/cir2.v
Command: "/home/renan/iccad2016uffs/test/TestParser1.x" ".././testcases/cad16_np3_case2/case6/cir2.v"
Directory: /home/renan/iccad2016uffs/test
"check_if_parser_runs_./testcases/cad16_np3_case2/case6/cir2.v" start time: Jun 17 01:22 -03
Output:
----------------------------------------------------------
<end of output>
Test time =   0.21 sec
----------------------------------------------------------
Test Passed.
"check_if_parser_runs_./testcases/cad16_np3_case2/case6/cir2.v" end time: Jun 17 01:22 -03
"check_if_parser_runs_./testcases/cad16_np3_case2/case6/cir2.v" time elapsed: 00:00:00
----------------------------------------------------------

48/149 Testing: check_if_simulator_runs_./testcases/cad16_np3_case2/case6/cir1.v
48/149 Test: check_if_simulator_runs_./testcases/cad16_np3_case2/case6/cir1.v
Command: "/home/renan/iccad2016uffs/test/TestSimulateGraph.x" ".././testcases/cad16_np3_case2/case6/cir1.v"
Directory: /home/renan/iccad2016uffs/test
"check_if_simulator_runs_./testcases/cad16_np3_case2/case6/cir1.v" start time: Jun 17 01:22 -03
Output:
----------------------------------------------------------
<end of output>
Test time =   0.55 sec
----------------------------------------------------------
Test Passed.
"check_if_simulator_runs_./testcases/cad16_np3_case2/case6/cir1.v" end time: Jun 17 01:22 -03
"check_if_simulator_runs_./testcases/cad16_np3_case2/case6/cir1.v" time elapsed: 00:00:00
----------------------------------------------------------

49/149 Testing: check_if_parser_runs_./testcases/cad16_np3_case2/case6/cir1.v
49/149 Test: check_if_parser_runs_./testcases/cad16_np3_case2/case6/cir1.v
Command: "/home/renan/iccad2016uffs/test/TestParser1.x" ".././testcases/cad16_np3_case2/case6/cir1.v"
Directory: /home/renan/iccad2016uffs/test
"check_if_parser_runs_./testcases/cad16_np3_case2/case6/cir1.v" start time: Jun 17 01:22 -03
Output:
----------------------------------------------------------
<end of output>
Test time =   0.39 sec
----------------------------------------------------------
Test Passed.
"check_if_parser_runs_./testcases/cad16_np3_case2/case6/cir1.v" end time: Jun 17 01:22 -03
"check_if_parser_runs_./testcases/cad16_np3_case2/case6/cir1.v" time elapsed: 00:00:00
----------------------------------------------------------

50/149 Testing: check_if_simulator_runs_./testcases/cad16_np3_case2/case7/cir2.v
50/149 Test: check_if_simulator_runs_./testcases/cad16_np3_case2/case7/cir2.v
Command: "/home/renan/iccad2016uffs/test/TestSimulateGraph.x" ".././testcases/cad16_np3_case2/case7/cir2.v"
Directory: /home/renan/iccad2016uffs/test
"check_if_simulator_runs_./testcases/cad16_np3_case2/case7/cir2.v" start time: Jun 17 01:22 -03
Output:
----------------------------------------------------------
<end of output>
Test time =   2.22 sec
----------------------------------------------------------
Test Passed.
"check_if_simulator_runs_./testcases/cad16_np3_case2/case7/cir2.v" end time: Jun 17 01:22 -03
"check_if_simulator_runs_./testcases/cad16_np3_case2/case7/cir2.v" time elapsed: 00:00:02
----------------------------------------------------------

51/149 Testing: check_if_parser_runs_./testcases/cad16_np3_case2/case7/cir2.v
51/149 Test: check_if_parser_runs_./testcases/cad16_np3_case2/case7/cir2.v
Command: "/home/renan/iccad2016uffs/test/TestParser1.x" ".././testcases/cad16_np3_case2/case7/cir2.v"
Directory: /home/renan/iccad2016uffs/test
"check_if_parser_runs_./testcases/cad16_np3_case2/case7/cir2.v" start time: Jun 17 01:22 -03
Output:
----------------------------------------------------------
<end of output>
Test time =   1.67 sec
----------------------------------------------------------
Test Passed.
"check_if_parser_runs_./testcases/cad16_np3_case2/case7/cir2.v" end time: Jun 17 01:22 -03
"check_if_parser_runs_./testcases/cad16_np3_case2/case7/cir2.v" time elapsed: 00:00:01
----------------------------------------------------------

52/149 Testing: check_if_simulator_runs_./testcases/cad16_np3_case2/case7/cir1.v
52/149 Test: check_if_simulator_runs_./testcases/cad16_np3_case2/case7/cir1.v
Command: "/home/renan/iccad2016uffs/test/TestSimulateGraph.x" ".././testcases/cad16_np3_case2/case7/cir1.v"
Directory: /home/renan/iccad2016uffs/test
"check_if_simulator_runs_./testcases/cad16_np3_case2/case7/cir1.v" start time: Jun 17 01:22 -03
Output:
----------------------------------------------------------
<end of output>
Test time =   1.12 sec
----------------------------------------------------------
Test Passed.
"check_if_simulator_runs_./testcases/cad16_np3_case2/case7/cir1.v" end time: Jun 17 01:22 -03
"check_if_simulator_runs_./testcases/cad16_np3_case2/case7/cir1.v" time elapsed: 00:00:01
----------------------------------------------------------

53/149 Testing: check_if_parser_runs_./testcases/cad16_np3_case2/case7/cir1.v
53/149 Test: check_if_parser_runs_./testcases/cad16_np3_case2/case7/cir1.v
Command: "/home/renan/iccad2016uffs/test/TestParser1.x" ".././testcases/cad16_np3_case2/case7/cir1.v"
Directory: /home/renan/iccad2016uffs/test
"check_if_parser_runs_./testcases/cad16_np3_case2/case7/cir1.v" start time: Jun 17 01:22 -03
Output:
----------------------------------------------------------
<end of output>
Test time =   0.79 sec
----------------------------------------------------------
Test Passed.
"check_if_parser_runs_./testcases/cad16_np3_case2/case7/cir1.v" end time: Jun 17 01:22 -03
"check_if_parser_runs_./testcases/cad16_np3_case2/case7/cir1.v" time elapsed: 00:00:00
----------------------------------------------------------

54/149 Testing: check_if_simulator_runs_./testcases/cad16_np3_case2/case8/cir2.v
54/149 Test: check_if_simulator_runs_./testcases/cad16_np3_case2/case8/cir2.v
Command: "/home/renan/iccad2016uffs/test/TestSimulateGraph.x" ".././testcases/cad16_np3_case2/case8/cir2.v"
Directory: /home/renan/iccad2016uffs/test
"check_if_simulator_runs_./testcases/cad16_np3_case2/case8/cir2.v" start time: Jun 17 01:22 -03
Output:
----------------------------------------------------------
<end of output>
Test time =   0.74 sec
----------------------------------------------------------
Test Passed.
"check_if_simulator_runs_./testcases/cad16_np3_case2/case8/cir2.v" end time: Jun 17 01:22 -03
"check_if_simulator_runs_./testcases/cad16_np3_case2/case8/cir2.v" time elapsed: 00:00:00
----------------------------------------------------------

55/149 Testing: check_if_parser_runs_./testcases/cad16_np3_case2/case8/cir2.v
55/149 Test: check_if_parser_runs_./testcases/cad16_np3_case2/case8/cir2.v
Command: "/home/renan/iccad2016uffs/test/TestParser1.x" ".././testcases/cad16_np3_case2/case8/cir2.v"
Directory: /home/renan/iccad2016uffs/test
"check_if_parser_runs_./testcases/cad16_np3_case2/case8/cir2.v" start time: Jun 17 01:22 -03
Output:
----------------------------------------------------------
<end of output>
Test time =   0.56 sec
----------------------------------------------------------
Test Passed.
"check_if_parser_runs_./testcases/cad16_np3_case2/case8/cir2.v" end time: Jun 17 01:22 -03
"check_if_parser_runs_./testcases/cad16_np3_case2/case8/cir2.v" time elapsed: 00:00:00
----------------------------------------------------------

56/149 Testing: check_if_simulator_runs_./testcases/cad16_np3_case2/case8/cir1.v
56/149 Test: check_if_simulator_runs_./testcases/cad16_np3_case2/case8/cir1.v
Command: "/home/renan/iccad2016uffs/test/TestSimulateGraph.x" ".././testcases/cad16_np3_case2/case8/cir1.v"
Directory: /home/renan/iccad2016uffs/test
"check_if_simulator_runs_./testcases/cad16_np3_case2/case8/cir1.v" start time: Jun 17 01:22 -03
Output:
----------------------------------------------------------
<end of output>
Test time =   0.78 sec
----------------------------------------------------------
Test Passed.
"check_if_simulator_runs_./testcases/cad16_np3_case2/case8/cir1.v" end time: Jun 17 01:22 -03
"check_if_simulator_runs_./testcases/cad16_np3_case2/case8/cir1.v" time elapsed: 00:00:00
----------------------------------------------------------

57/149 Testing: check_if_parser_runs_./testcases/cad16_np3_case2/case8/cir1.v
57/149 Test: check_if_parser_runs_./testcases/cad16_np3_case2/case8/cir1.v
Command: "/home/renan/iccad2016uffs/test/TestParser1.x" ".././testcases/cad16_np3_case2/case8/cir1.v"
Directory: /home/renan/iccad2016uffs/test
"check_if_parser_runs_./testcases/cad16_np3_case2/case8/cir1.v" start time: Jun 17 01:22 -03
Output:
----------------------------------------------------------
<end of output>
Test time =   0.58 sec
----------------------------------------------------------
Test Passed.
"check_if_parser_runs_./testcases/cad16_np3_case2/case8/cir1.v" end time: Jun 17 01:22 -03
"check_if_parser_runs_./testcases/cad16_np3_case2/case8/cir1.v" time elapsed: 00:00:00
----------------------------------------------------------

58/149 Testing: check_if_simulator_runs_./testcases/cad16_np3_case2/case9/cir2.v
58/149 Test: check_if_simulator_runs_./testcases/cad16_np3_case2/case9/cir2.v
Command: "/home/renan/iccad2016uffs/test/TestSimulateGraph.x" ".././testcases/cad16_np3_case2/case9/cir2.v"
Directory: /home/renan/iccad2016uffs/test
"check_if_simulator_runs_./testcases/cad16_np3_case2/case9/cir2.v" start time: Jun 17 01:22 -03
Output:
----------------------------------------------------------
<end of output>
Test time =   2.15 sec
----------------------------------------------------------
Test Passed.
"check_if_simulator_runs_./testcases/cad16_np3_case2/case9/cir2.v" end time: Jun 17 01:22 -03
"check_if_simulator_runs_./testcases/cad16_np3_case2/case9/cir2.v" time elapsed: 00:00:02
----------------------------------------------------------

59/149 Testing: check_if_parser_runs_./testcases/cad16_np3_case2/case9/cir2.v
59/149 Test: check_if_parser_runs_./testcases/cad16_np3_case2/case9/cir2.v
Command: "/home/renan/iccad2016uffs/test/TestParser1.x" ".././testcases/cad16_np3_case2/case9/cir2.v"
Directory: /home/renan/iccad2016uffs/test
"check_if_parser_runs_./testcases/cad16_np3_case2/case9/cir2.v" start time: Jun 17 01:22 -03
Output:
----------------------------------------------------------
<end of output>
Test time =   1.61 sec
----------------------------------------------------------
Test Passed.
"check_if_parser_runs_./testcases/cad16_np3_case2/case9/cir2.v" end time: Jun 17 01:22 -03
"check_if_parser_runs_./testcases/cad16_np3_case2/case9/cir2.v" time elapsed: 00:00:01
----------------------------------------------------------

60/149 Testing: check_if_simulator_runs_./testcases/cad16_np3_case2/case9/cir1.v
60/149 Test: check_if_simulator_runs_./testcases/cad16_np3_case2/case9/cir1.v
Command: "/home/renan/iccad2016uffs/test/TestSimulateGraph.x" ".././testcases/cad16_np3_case2/case9/cir1.v"
Directory: /home/renan/iccad2016uffs/test
"check_if_simulator_runs_./testcases/cad16_np3_case2/case9/cir1.v" start time: Jun 17 01:22 -03
Output:
----------------------------------------------------------
<end of output>
Test time =   1.09 sec
----------------------------------------------------------
Test Passed.
"check_if_simulator_runs_./testcases/cad16_np3_case2/case9/cir1.v" end time: Jun 17 01:22 -03
"check_if_simulator_runs_./testcases/cad16_np3_case2/case9/cir1.v" time elapsed: 00:00:01
----------------------------------------------------------

61/149 Testing: check_if_parser_runs_./testcases/cad16_np3_case2/case9/cir1.v
61/149 Test: check_if_parser_runs_./testcases/cad16_np3_case2/case9/cir1.v
Command: "/home/renan/iccad2016uffs/test/TestParser1.x" ".././testcases/cad16_np3_case2/case9/cir1.v"
Directory: /home/renan/iccad2016uffs/test
"check_if_parser_runs_./testcases/cad16_np3_case2/case9/cir1.v" start time: Jun 17 01:22 -03
Output:
----------------------------------------------------------
<end of output>
Test time =   0.77 sec
----------------------------------------------------------
Test Passed.
"check_if_parser_runs_./testcases/cad16_np3_case2/case9/cir1.v" end time: Jun 17 01:22 -03
"check_if_parser_runs_./testcases/cad16_np3_case2/case9/cir1.v" time elapsed: 00:00:00
----------------------------------------------------------

62/149 Testing: check_if_simulator_runs_./testcases/cad16_np3_case2/case10/cir2.v
62/149 Test: check_if_simulator_runs_./testcases/cad16_np3_case2/case10/cir2.v
Command: "/home/renan/iccad2016uffs/test/TestSimulateGraph.x" ".././testcases/cad16_np3_case2/case10/cir2.v"
Directory: /home/renan/iccad2016uffs/test
"check_if_simulator_runs_./testcases/cad16_np3_case2/case10/cir2.v" start time: Jun 17 01:22 -03
Output:
----------------------------------------------------------
<end of output>
Test time =   0.00 sec
----------------------------------------------------------
Test Passed.
"check_if_simulator_runs_./testcases/cad16_np3_case2/case10/cir2.v" end time: Jun 17 01:22 -03
"check_if_simulator_runs_./testcases/cad16_np3_case2/case10/cir2.v" time elapsed: 00:00:00
----------------------------------------------------------

63/149 Testing: check_if_parser_runs_./testcases/cad16_np3_case2/case10/cir2.v
63/149 Test: check_if_parser_runs_./testcases/cad16_np3_case2/case10/cir2.v
Command: "/home/renan/iccad2016uffs/test/TestParser1.x" ".././testcases/cad16_np3_case2/case10/cir2.v"
Directory: /home/renan/iccad2016uffs/test
"check_if_parser_runs_./testcases/cad16_np3_case2/case10/cir2.v" start time: Jun 17 01:22 -03
Output:
----------------------------------------------------------
<end of output>
Test time =   0.00 sec
----------------------------------------------------------
Test Passed.
"check_if_parser_runs_./testcases/cad16_np3_case2/case10/cir2.v" end time: Jun 17 01:22 -03
"check_if_parser_runs_./testcases/cad16_np3_case2/case10/cir2.v" time elapsed: 00:00:00
----------------------------------------------------------

64/149 Testing: check_if_simulator_runs_./testcases/cad16_np3_case2/case10/cir1.v
64/149 Test: check_if_simulator_runs_./testcases/cad16_np3_case2/case10/cir1.v
Command: "/home/renan/iccad2016uffs/test/TestSimulateGraph.x" ".././testcases/cad16_np3_case2/case10/cir1.v"
Directory: /home/renan/iccad2016uffs/test
"check_if_simulator_runs_./testcases/cad16_np3_case2/case10/cir1.v" start time: Jun 17 01:22 -03
Output:
----------------------------------------------------------
<end of output>
Test time =   0.00 sec
----------------------------------------------------------
Test Passed.
"check_if_simulator_runs_./testcases/cad16_np3_case2/case10/cir1.v" end time: Jun 17 01:22 -03
"check_if_simulator_runs_./testcases/cad16_np3_case2/case10/cir1.v" time elapsed: 00:00:00
----------------------------------------------------------

65/149 Testing: check_if_parser_runs_./testcases/cad16_np3_case2/case10/cir1.v
65/149 Test: check_if_parser_runs_./testcases/cad16_np3_case2/case10/cir1.v
Command: "/home/renan/iccad2016uffs/test/TestParser1.x" ".././testcases/cad16_np3_case2/case10/cir1.v"
Directory: /home/renan/iccad2016uffs/test
"check_if_parser_runs_./testcases/cad16_np3_case2/case10/cir1.v" start time: Jun 17 01:22 -03
Output:
----------------------------------------------------------
<end of output>
Test time =   0.00 sec
----------------------------------------------------------
Test Passed.
"check_if_parser_runs_./testcases/cad16_np3_case2/case10/cir1.v" end time: Jun 17 01:22 -03
"check_if_parser_runs_./testcases/cad16_np3_case2/case10/cir1.v" time elapsed: 00:00:00
----------------------------------------------------------

66/149 Testing: check_if_simulator_runs_./testcases/cad16_np3_case2/case11/cir2.v
66/149 Test: check_if_simulator_runs_./testcases/cad16_np3_case2/case11/cir2.v
Command: "/home/renan/iccad2016uffs/test/TestSimulateGraph.x" ".././testcases/cad16_np3_case2/case11/cir2.v"
Directory: /home/renan/iccad2016uffs/test
"check_if_simulator_runs_./testcases/cad16_np3_case2/case11/cir2.v" start time: Jun 17 01:22 -03
Output:
----------------------------------------------------------
<end of output>
Test time =   0.24 sec
----------------------------------------------------------
Test Passed.
"check_if_simulator_runs_./testcases/cad16_np3_case2/case11/cir2.v" end time: Jun 17 01:22 -03
"check_if_simulator_runs_./testcases/cad16_np3_case2/case11/cir2.v" time elapsed: 00:00:00
----------------------------------------------------------

67/149 Testing: check_if_parser_runs_./testcases/cad16_np3_case2/case11/cir2.v
67/149 Test: check_if_parser_runs_./testcases/cad16_np3_case2/case11/cir2.v
Command: "/home/renan/iccad2016uffs/test/TestParser1.x" ".././testcases/cad16_np3_case2/case11/cir2.v"
Directory: /home/renan/iccad2016uffs/test
"check_if_parser_runs_./testcases/cad16_np3_case2/case11/cir2.v" start time: Jun 17 01:22 -03
Output:
----------------------------------------------------------
<end of output>
Test time =   0.19 sec
----------------------------------------------------------
Test Passed.
"check_if_parser_runs_./testcases/cad16_np3_case2/case11/cir2.v" end time: Jun 17 01:22 -03
"check_if_parser_runs_./testcases/cad16_np3_case2/case11/cir2.v" time elapsed: 00:00:00
----------------------------------------------------------

68/149 Testing: check_if_simulator_runs_./testcases/cad16_np3_case2/case11/cir1.v
68/149 Test: check_if_simulator_runs_./testcases/cad16_np3_case2/case11/cir1.v
Command: "/home/renan/iccad2016uffs/test/TestSimulateGraph.x" ".././testcases/cad16_np3_case2/case11/cir1.v"
Directory: /home/renan/iccad2016uffs/test
"check_if_simulator_runs_./testcases/cad16_np3_case2/case11/cir1.v" start time: Jun 17 01:22 -03
Output:
----------------------------------------------------------
<end of output>
Test time =   0.33 sec
----------------------------------------------------------
Test Passed.
"check_if_simulator_runs_./testcases/cad16_np3_case2/case11/cir1.v" end time: Jun 17 01:22 -03
"check_if_simulator_runs_./testcases/cad16_np3_case2/case11/cir1.v" time elapsed: 00:00:00
----------------------------------------------------------

69/149 Testing: check_if_parser_runs_./testcases/cad16_np3_case2/case11/cir1.v
69/149 Test: check_if_parser_runs_./testcases/cad16_np3_case2/case11/cir1.v
Command: "/home/renan/iccad2016uffs/test/TestParser1.x" ".././testcases/cad16_np3_case2/case11/cir1.v"
Directory: /home/renan/iccad2016uffs/test
"check_if_parser_runs_./testcases/cad16_np3_case2/case11/cir1.v" start time: Jun 17 01:22 -03
Output:
----------------------------------------------------------
<end of output>
Test time =   0.25 sec
----------------------------------------------------------
Test Passed.
"check_if_parser_runs_./testcases/cad16_np3_case2/case11/cir1.v" end time: Jun 17 01:22 -03
"check_if_parser_runs_./testcases/cad16_np3_case2/case11/cir1.v" time elapsed: 00:00:00
----------------------------------------------------------

70/149 Testing: check_if_simulator_runs_./testcases/cad16_np3_case2/case12/cir2.v
70/149 Test: check_if_simulator_runs_./testcases/cad16_np3_case2/case12/cir2.v
Command: "/home/renan/iccad2016uffs/test/TestSimulateGraph.x" ".././testcases/cad16_np3_case2/case12/cir2.v"
Directory: /home/renan/iccad2016uffs/test
"check_if_simulator_runs_./testcases/cad16_np3_case2/case12/cir2.v" start time: Jun 17 01:22 -03
Output:
----------------------------------------------------------
<end of output>
Test time =   0.23 sec
----------------------------------------------------------
Test Passed.
"check_if_simulator_runs_./testcases/cad16_np3_case2/case12/cir2.v" end time: Jun 17 01:22 -03
"check_if_simulator_runs_./testcases/cad16_np3_case2/case12/cir2.v" time elapsed: 00:00:00
----------------------------------------------------------

71/149 Testing: check_if_parser_runs_./testcases/cad16_np3_case2/case12/cir2.v
71/149 Test: check_if_parser_runs_./testcases/cad16_np3_case2/case12/cir2.v
Command: "/home/renan/iccad2016uffs/test/TestParser1.x" ".././testcases/cad16_np3_case2/case12/cir2.v"
Directory: /home/renan/iccad2016uffs/test
"check_if_parser_runs_./testcases/cad16_np3_case2/case12/cir2.v" start time: Jun 17 01:22 -03
Output:
----------------------------------------------------------
<end of output>
Test time =   0.18 sec
----------------------------------------------------------
Test Passed.
"check_if_parser_runs_./testcases/cad16_np3_case2/case12/cir2.v" end time: Jun 17 01:22 -03
"check_if_parser_runs_./testcases/cad16_np3_case2/case12/cir2.v" time elapsed: 00:00:00
----------------------------------------------------------

72/149 Testing: check_if_simulator_runs_./testcases/cad16_np3_case2/case12/cir1.v
72/149 Test: check_if_simulator_runs_./testcases/cad16_np3_case2/case12/cir1.v
Command: "/home/renan/iccad2016uffs/test/TestSimulateGraph.x" ".././testcases/cad16_np3_case2/case12/cir1.v"
Directory: /home/renan/iccad2016uffs/test
"check_if_simulator_runs_./testcases/cad16_np3_case2/case12/cir1.v" start time: Jun 17 01:22 -03
Output:
----------------------------------------------------------
<end of output>
Test time =   0.21 sec
----------------------------------------------------------
Test Passed.
"check_if_simulator_runs_./testcases/cad16_np3_case2/case12/cir1.v" end time: Jun 17 01:22 -03
"check_if_simulator_runs_./testcases/cad16_np3_case2/case12/cir1.v" time elapsed: 00:00:00
----------------------------------------------------------

73/149 Testing: check_if_parser_runs_./testcases/cad16_np3_case2/case12/cir1.v
73/149 Test: check_if_parser_runs_./testcases/cad16_np3_case2/case12/cir1.v
Command: "/home/renan/iccad2016uffs/test/TestParser1.x" ".././testcases/cad16_np3_case2/case12/cir1.v"
Directory: /home/renan/iccad2016uffs/test
"check_if_parser_runs_./testcases/cad16_np3_case2/case12/cir1.v" start time: Jun 17 01:22 -03
Output:
----------------------------------------------------------
<end of output>
Test time =   0.15 sec
----------------------------------------------------------
Test Passed.
"check_if_parser_runs_./testcases/cad16_np3_case2/case12/cir1.v" end time: Jun 17 01:22 -03
"check_if_parser_runs_./testcases/cad16_np3_case2/case12/cir1.v" time elapsed: 00:00:00
----------------------------------------------------------

74/149 Testing: check_if_simulator_runs_./testcases/cad16_np3_case2/case13/cir2.v
74/149 Test: check_if_simulator_runs_./testcases/cad16_np3_case2/case13/cir2.v
Command: "/home/renan/iccad2016uffs/test/TestSimulateGraph.x" ".././testcases/cad16_np3_case2/case13/cir2.v"
Directory: /home/renan/iccad2016uffs/test
"check_if_simulator_runs_./testcases/cad16_np3_case2/case13/cir2.v" start time: Jun 17 01:22 -03
Output:
----------------------------------------------------------
<end of output>
Test time =  10.85 sec
----------------------------------------------------------
Test Passed.
"check_if_simulator_runs_./testcases/cad16_np3_case2/case13/cir2.v" end time: Jun 17 01:22 -03
"check_if_simulator_runs_./testcases/cad16_np3_case2/case13/cir2.v" time elapsed: 00:00:10
----------------------------------------------------------

75/149 Testing: check_if_parser_runs_./testcases/cad16_np3_case2/case13/cir2.v
75/149 Test: check_if_parser_runs_./testcases/cad16_np3_case2/case13/cir2.v
Command: "/home/renan/iccad2016uffs/test/TestParser1.x" ".././testcases/cad16_np3_case2/case13/cir2.v"
Directory: /home/renan/iccad2016uffs/test
"check_if_parser_runs_./testcases/cad16_np3_case2/case13/cir2.v" start time: Jun 17 01:22 -03
Output:
----------------------------------------------------------
<end of output>
Test time =   8.10 sec
----------------------------------------------------------
Test Passed.
"check_if_parser_runs_./testcases/cad16_np3_case2/case13/cir2.v" end time: Jun 17 01:22 -03
"check_if_parser_runs_./testcases/cad16_np3_case2/case13/cir2.v" time elapsed: 00:00:08
----------------------------------------------------------

76/149 Testing: check_if_simulator_runs_./testcases/cad16_np3_case2/case13/cir1.v
76/149 Test: check_if_simulator_runs_./testcases/cad16_np3_case2/case13/cir1.v
Command: "/home/renan/iccad2016uffs/test/TestSimulateGraph.x" ".././testcases/cad16_np3_case2/case13/cir1.v"
Directory: /home/renan/iccad2016uffs/test
"check_if_simulator_runs_./testcases/cad16_np3_case2/case13/cir1.v" start time: Jun 17 01:22 -03
Output:
----------------------------------------------------------
<end of output>
Test time =   8.12 sec
----------------------------------------------------------
Test Passed.
"check_if_simulator_runs_./testcases/cad16_np3_case2/case13/cir1.v" end time: Jun 17 01:23 -03
"check_if_simulator_runs_./testcases/cad16_np3_case2/case13/cir1.v" time elapsed: 00:00:08
----------------------------------------------------------

77/149 Testing: check_if_parser_runs_./testcases/cad16_np3_case2/case13/cir1.v
77/149 Test: check_if_parser_runs_./testcases/cad16_np3_case2/case13/cir1.v
Command: "/home/renan/iccad2016uffs/test/TestParser1.x" ".././testcases/cad16_np3_case2/case13/cir1.v"
Directory: /home/renan/iccad2016uffs/test
"check_if_parser_runs_./testcases/cad16_np3_case2/case13/cir1.v" start time: Jun 17 01:23 -03
Output:
----------------------------------------------------------
<end of output>
Test time =   5.61 sec
----------------------------------------------------------
Test Passed.
"check_if_parser_runs_./testcases/cad16_np3_case2/case13/cir1.v" end time: Jun 17 01:23 -03
"check_if_parser_runs_./testcases/cad16_np3_case2/case13/cir1.v" time elapsed: 00:00:05
----------------------------------------------------------

78/149 Testing: check_if_simulator_runs_./testcases/cad16_np3_case2/case14/cir2.v
78/149 Test: check_if_simulator_runs_./testcases/cad16_np3_case2/case14/cir2.v
Command: "/home/renan/iccad2016uffs/test/TestSimulateGraph.x" ".././testcases/cad16_np3_case2/case14/cir2.v"
Directory: /home/renan/iccad2016uffs/test
"check_if_simulator_runs_./testcases/cad16_np3_case2/case14/cir2.v" start time: Jun 17 01:23 -03
Output:
----------------------------------------------------------
<end of output>
Test time =   0.03 sec
----------------------------------------------------------
Test Passed.
"check_if_simulator_runs_./testcases/cad16_np3_case2/case14/cir2.v" end time: Jun 17 01:23 -03
"check_if_simulator_runs_./testcases/cad16_np3_case2/case14/cir2.v" time elapsed: 00:00:00
----------------------------------------------------------

79/149 Testing: check_if_parser_runs_./testcases/cad16_np3_case2/case14/cir2.v
79/149 Test: check_if_parser_runs_./testcases/cad16_np3_case2/case14/cir2.v
Command: "/home/renan/iccad2016uffs/test/TestParser1.x" ".././testcases/cad16_np3_case2/case14/cir2.v"
Directory: /home/renan/iccad2016uffs/test
"check_if_parser_runs_./testcases/cad16_np3_case2/case14/cir2.v" start time: Jun 17 01:23 -03
Output:
----------------------------------------------------------
<end of output>
Test time =   0.02 sec
----------------------------------------------------------
Test Passed.
"check_if_parser_runs_./testcases/cad16_np3_case2/case14/cir2.v" end time: Jun 17 01:23 -03
"check_if_parser_runs_./testcases/cad16_np3_case2/case14/cir2.v" time elapsed: 00:00:00
----------------------------------------------------------

80/149 Testing: check_if_simulator_runs_./testcases/cad16_np3_case2/case14/cir1.v
80/149 Test: check_if_simulator_runs_./testcases/cad16_np3_case2/case14/cir1.v
Command: "/home/renan/iccad2016uffs/test/TestSimulateGraph.x" ".././testcases/cad16_np3_case2/case14/cir1.v"
Directory: /home/renan/iccad2016uffs/test
"check_if_simulator_runs_./testcases/cad16_np3_case2/case14/cir1.v" start time: Jun 17 01:23 -03
Output:
----------------------------------------------------------
<end of output>
Test time =   0.02 sec
----------------------------------------------------------
Test Passed.
"check_if_simulator_runs_./testcases/cad16_np3_case2/case14/cir1.v" end time: Jun 17 01:23 -03
"check_if_simulator_runs_./testcases/cad16_np3_case2/case14/cir1.v" time elapsed: 00:00:00
----------------------------------------------------------

81/149 Testing: check_if_parser_runs_./testcases/cad16_np3_case2/case14/cir1.v
81/149 Test: check_if_parser_runs_./testcases/cad16_np3_case2/case14/cir1.v
Command: "/home/renan/iccad2016uffs/test/TestParser1.x" ".././testcases/cad16_np3_case2/case14/cir1.v"
Directory: /home/renan/iccad2016uffs/test
"check_if_parser_runs_./testcases/cad16_np3_case2/case14/cir1.v" start time: Jun 17 01:23 -03
Output:
----------------------------------------------------------
<end of output>
Test time =   0.02 sec
----------------------------------------------------------
Test Passed.
"check_if_parser_runs_./testcases/cad16_np3_case2/case14/cir1.v" end time: Jun 17 01:23 -03
"check_if_parser_runs_./testcases/cad16_np3_case2/case14/cir1.v" time elapsed: 00:00:00
----------------------------------------------------------

82/149 Testing: check_if_simulator_runs_./testcases/unit1/in_1.v
82/149 Test: check_if_simulator_runs_./testcases/unit1/in_1.v
Command: "/home/renan/iccad2016uffs/test/TestSimulateGraph.x" ".././testcases/unit1/in_1.v"
Directory: /home/renan/iccad2016uffs/test
"check_if_simulator_runs_./testcases/unit1/in_1.v" start time: Jun 17 01:23 -03
Output:
----------------------------------------------------------
<end of output>
Test time =   1.27 sec
----------------------------------------------------------
Test Passed.
"check_if_simulator_runs_./testcases/unit1/in_1.v" end time: Jun 17 01:23 -03
"check_if_simulator_runs_./testcases/unit1/in_1.v" time elapsed: 00:00:01
----------------------------------------------------------

83/149 Testing: check_if_parser_runs_./testcases/unit1/in_1.v
83/149 Test: check_if_parser_runs_./testcases/unit1/in_1.v
Command: "/home/renan/iccad2016uffs/test/TestParser1.x" ".././testcases/unit1/in_1.v"
Directory: /home/renan/iccad2016uffs/test
"check_if_parser_runs_./testcases/unit1/in_1.v" start time: Jun 17 01:23 -03
Output:
----------------------------------------------------------
<end of output>
Test time =   0.94 sec
----------------------------------------------------------
Test Passed.
"check_if_parser_runs_./testcases/unit1/in_1.v" end time: Jun 17 01:23 -03
"check_if_parser_runs_./testcases/unit1/in_1.v" time elapsed: 00:00:00
----------------------------------------------------------

84/149 Testing: check_if_simulator_runs_./testcases/unit1/in_2.v
84/149 Test: check_if_simulator_runs_./testcases/unit1/in_2.v
Command: "/home/renan/iccad2016uffs/test/TestSimulateGraph.x" ".././testcases/unit1/in_2.v"
Directory: /home/renan/iccad2016uffs/test
"check_if_simulator_runs_./testcases/unit1/in_2.v" start time: Jun 17 01:23 -03
Output:
----------------------------------------------------------
<end of output>
Test time =   0.88 sec
----------------------------------------------------------
Test Passed.
"check_if_simulator_runs_./testcases/unit1/in_2.v" end time: Jun 17 01:23 -03
"check_if_simulator_runs_./testcases/unit1/in_2.v" time elapsed: 00:00:00
----------------------------------------------------------

85/149 Testing: check_if_parser_runs_./testcases/unit1/in_2.v
85/149 Test: check_if_parser_runs_./testcases/unit1/in_2.v
Command: "/home/renan/iccad2016uffs/test/TestParser1.x" ".././testcases/unit1/in_2.v"
Directory: /home/renan/iccad2016uffs/test
"check_if_parser_runs_./testcases/unit1/in_2.v" start time: Jun 17 01:23 -03
Output:
----------------------------------------------------------
<end of output>
Test time =   0.71 sec
----------------------------------------------------------
Test Passed.
"check_if_parser_runs_./testcases/unit1/in_2.v" end time: Jun 17 01:23 -03
"check_if_parser_runs_./testcases/unit1/in_2.v" time elapsed: 00:00:00
----------------------------------------------------------

86/149 Testing: check_if_simulator_runs_./testcases/unit2/in_1.v
86/149 Test: check_if_simulator_runs_./testcases/unit2/in_1.v
Command: "/home/renan/iccad2016uffs/test/TestSimulateGraph.x" ".././testcases/unit2/in_1.v"
Directory: /home/renan/iccad2016uffs/test
"check_if_simulator_runs_./testcases/unit2/in_1.v" start time: Jun 17 01:23 -03
Output:
----------------------------------------------------------
<end of output>
Test time =   1.26 sec
----------------------------------------------------------
Test Passed.
"check_if_simulator_runs_./testcases/unit2/in_1.v" end time: Jun 17 01:23 -03
"check_if_simulator_runs_./testcases/unit2/in_1.v" time elapsed: 00:00:01
----------------------------------------------------------

87/149 Testing: check_if_parser_runs_./testcases/unit2/in_1.v
87/149 Test: check_if_parser_runs_./testcases/unit2/in_1.v
Command: "/home/renan/iccad2016uffs/test/TestParser1.x" ".././testcases/unit2/in_1.v"
Directory: /home/renan/iccad2016uffs/test
"check_if_parser_runs_./testcases/unit2/in_1.v" start time: Jun 17 01:23 -03
Output:
----------------------------------------------------------
<end of output>
Test time =   0.97 sec
----------------------------------------------------------
Test Passed.
"check_if_parser_runs_./testcases/unit2/in_1.v" end time: Jun 17 01:23 -03
"check_if_parser_runs_./testcases/unit2/in_1.v" time elapsed: 00:00:00
----------------------------------------------------------

88/149 Testing: check_if_simulator_runs_./testcases/unit2/in_2.v
88/149 Test: check_if_simulator_runs_./testcases/unit2/in_2.v
Command: "/home/renan/iccad2016uffs/test/TestSimulateGraph.x" ".././testcases/unit2/in_2.v"
Directory: /home/renan/iccad2016uffs/test
"check_if_simulator_runs_./testcases/unit2/in_2.v" start time: Jun 17 01:23 -03
Output:
----------------------------------------------------------
<end of output>
Test time =   0.89 sec
----------------------------------------------------------
Test Passed.
"check_if_simulator_runs_./testcases/unit2/in_2.v" end time: Jun 17 01:23 -03
"check_if_simulator_runs_./testcases/unit2/in_2.v" time elapsed: 00:00:00
----------------------------------------------------------

89/149 Testing: check_if_parser_runs_./testcases/unit2/in_2.v
89/149 Test: check_if_parser_runs_./testcases/unit2/in_2.v
Command: "/home/renan/iccad2016uffs/test/TestParser1.x" ".././testcases/unit2/in_2.v"
Directory: /home/renan/iccad2016uffs/test
"check_if_parser_runs_./testcases/unit2/in_2.v" start time: Jun 17 01:23 -03
Output:
----------------------------------------------------------
<end of output>
Test time =   0.70 sec
----------------------------------------------------------
Test Passed.
"check_if_parser_runs_./testcases/unit2/in_2.v" end time: Jun 17 01:23 -03
"check_if_parser_runs_./testcases/unit2/in_2.v" time elapsed: 00:00:00
----------------------------------------------------------

90/149 Testing: check_if_simulator_runs_./testcases/unit3/in_1.v
90/149 Test: check_if_simulator_runs_./testcases/unit3/in_1.v
Command: "/home/renan/iccad2016uffs/test/TestSimulateGraph.x" ".././testcases/unit3/in_1.v"
Directory: /home/renan/iccad2016uffs/test
"check_if_simulator_runs_./testcases/unit3/in_1.v" start time: Jun 17 01:23 -03
Output:
----------------------------------------------------------
<end of output>
Test time =   7.89 sec
----------------------------------------------------------
Test Passed.
"check_if_simulator_runs_./testcases/unit3/in_1.v" end time: Jun 17 01:23 -03
"check_if_simulator_runs_./testcases/unit3/in_1.v" time elapsed: 00:00:07
----------------------------------------------------------

91/149 Testing: check_if_parser_runs_./testcases/unit3/in_1.v
91/149 Test: check_if_parser_runs_./testcases/unit3/in_1.v
Command: "/home/renan/iccad2016uffs/test/TestParser1.x" ".././testcases/unit3/in_1.v"
Directory: /home/renan/iccad2016uffs/test
"check_if_parser_runs_./testcases/unit3/in_1.v" start time: Jun 17 01:23 -03
Output:
----------------------------------------------------------
<end of output>
Test time =   6.02 sec
----------------------------------------------------------
Test Passed.
"check_if_parser_runs_./testcases/unit3/in_1.v" end time: Jun 17 01:23 -03
"check_if_parser_runs_./testcases/unit3/in_1.v" time elapsed: 00:00:06
----------------------------------------------------------

92/149 Testing: check_if_simulator_runs_./testcases/unit3/in_2.v
92/149 Test: check_if_simulator_runs_./testcases/unit3/in_2.v
Command: "/home/renan/iccad2016uffs/test/TestSimulateGraph.x" ".././testcases/unit3/in_2.v"
Directory: /home/renan/iccad2016uffs/test
"check_if_simulator_runs_./testcases/unit3/in_2.v" start time: Jun 17 01:23 -03
Output:
----------------------------------------------------------
<end of output>
Test time =   5.16 sec
----------------------------------------------------------
Test Passed.
"check_if_simulator_runs_./testcases/unit3/in_2.v" end time: Jun 17 01:23 -03
"check_if_simulator_runs_./testcases/unit3/in_2.v" time elapsed: 00:00:05
----------------------------------------------------------

93/149 Testing: check_if_parser_runs_./testcases/unit3/in_2.v
93/149 Test: check_if_parser_runs_./testcases/unit3/in_2.v
Command: "/home/renan/iccad2016uffs/test/TestParser1.x" ".././testcases/unit3/in_2.v"
Directory: /home/renan/iccad2016uffs/test
"check_if_parser_runs_./testcases/unit3/in_2.v" start time: Jun 17 01:23 -03
Output:
----------------------------------------------------------
<end of output>
Test time =   4.04 sec
----------------------------------------------------------
Test Passed.
"check_if_parser_runs_./testcases/unit3/in_2.v" end time: Jun 17 01:23 -03
"check_if_parser_runs_./testcases/unit3/in_2.v" time elapsed: 00:00:04
----------------------------------------------------------

94/149 Testing: check_if_simulator_runs_./testcases/unit4/in_1.v
94/149 Test: check_if_simulator_runs_./testcases/unit4/in_1.v
Command: "/home/renan/iccad2016uffs/test/TestSimulateGraph.x" ".././testcases/unit4/in_1.v"
Directory: /home/renan/iccad2016uffs/test
"check_if_simulator_runs_./testcases/unit4/in_1.v" start time: Jun 17 01:23 -03
Output:
----------------------------------------------------------
<end of output>
Test time =   7.87 sec
----------------------------------------------------------
Test Passed.
"check_if_simulator_runs_./testcases/unit4/in_1.v" end time: Jun 17 01:23 -03
"check_if_simulator_runs_./testcases/unit4/in_1.v" time elapsed: 00:00:07
----------------------------------------------------------

95/149 Testing: check_if_parser_runs_./testcases/unit4/in_1.v
95/149 Test: check_if_parser_runs_./testcases/unit4/in_1.v
Command: "/home/renan/iccad2016uffs/test/TestParser1.x" ".././testcases/unit4/in_1.v"
Directory: /home/renan/iccad2016uffs/test
"check_if_parser_runs_./testcases/unit4/in_1.v" start time: Jun 17 01:23 -03
Output:
----------------------------------------------------------
<end of output>
Test time =   6.02 sec
----------------------------------------------------------
Test Passed.
"check_if_parser_runs_./testcases/unit4/in_1.v" end time: Jun 17 01:23 -03
"check_if_parser_runs_./testcases/unit4/in_1.v" time elapsed: 00:00:06
----------------------------------------------------------

96/149 Testing: check_if_simulator_runs_./testcases/unit4/in_2.v
96/149 Test: check_if_simulator_runs_./testcases/unit4/in_2.v
Command: "/home/renan/iccad2016uffs/test/TestSimulateGraph.x" ".././testcases/unit4/in_2.v"
Directory: /home/renan/iccad2016uffs/test
"check_if_simulator_runs_./testcases/unit4/in_2.v" start time: Jun 17 01:23 -03
Output:
----------------------------------------------------------
<end of output>
Test time =   5.12 sec
----------------------------------------------------------
Test Passed.
"check_if_simulator_runs_./testcases/unit4/in_2.v" end time: Jun 17 01:23 -03
"check_if_simulator_runs_./testcases/unit4/in_2.v" time elapsed: 00:00:05
----------------------------------------------------------

97/149 Testing: check_if_parser_runs_./testcases/unit4/in_2.v
97/149 Test: check_if_parser_runs_./testcases/unit4/in_2.v
Command: "/home/renan/iccad2016uffs/test/TestParser1.x" ".././testcases/unit4/in_2.v"
Directory: /home/renan/iccad2016uffs/test
"check_if_parser_runs_./testcases/unit4/in_2.v" start time: Jun 17 01:23 -03
Output:
----------------------------------------------------------
<end of output>
Test time =   4.05 sec
----------------------------------------------------------
Test Passed.
"check_if_parser_runs_./testcases/unit4/in_2.v" end time: Jun 17 01:24 -03
"check_if_parser_runs_./testcases/unit4/in_2.v" time elapsed: 00:00:04
----------------------------------------------------------

98/149 Testing: check_if_simulator_runs_./testcases/unit5/in_1.v
98/149 Test: check_if_simulator_runs_./testcases/unit5/in_1.v
Command: "/home/renan/iccad2016uffs/test/TestSimulateGraph.x" ".././testcases/unit5/in_1.v"
Directory: /home/renan/iccad2016uffs/test
"check_if_simulator_runs_./testcases/unit5/in_1.v" start time: Jun 17 01:24 -03
Output:
----------------------------------------------------------
<end of output>
Test time =   5.73 sec
----------------------------------------------------------
Test Passed.
"check_if_simulator_runs_./testcases/unit5/in_1.v" end time: Jun 17 01:24 -03
"check_if_simulator_runs_./testcases/unit5/in_1.v" time elapsed: 00:00:05
----------------------------------------------------------

99/149 Testing: check_if_parser_runs_./testcases/unit5/in_1.v
99/149 Test: check_if_parser_runs_./testcases/unit5/in_1.v
Command: "/home/renan/iccad2016uffs/test/TestParser1.x" ".././testcases/unit5/in_1.v"
Directory: /home/renan/iccad2016uffs/test
"check_if_parser_runs_./testcases/unit5/in_1.v" start time: Jun 17 01:24 -03
Output:
----------------------------------------------------------
<end of output>
Test time =   4.30 sec
----------------------------------------------------------
Test Passed.
"check_if_parser_runs_./testcases/unit5/in_1.v" end time: Jun 17 01:24 -03
"check_if_parser_runs_./testcases/unit5/in_1.v" time elapsed: 00:00:04
----------------------------------------------------------

100/149 Testing: check_if_simulator_runs_./testcases/unit5/in_2.v
100/149 Test: check_if_simulator_runs_./testcases/unit5/in_2.v
Command: "/home/renan/iccad2016uffs/test/TestSimulateGraph.x" ".././testcases/unit5/in_2.v"
Directory: /home/renan/iccad2016uffs/test
"check_if_simulator_runs_./testcases/unit5/in_2.v" start time: Jun 17 01:24 -03
Output:
----------------------------------------------------------
<end of output>
Test time =   4.34 sec
----------------------------------------------------------
Test Passed.
"check_if_simulator_runs_./testcases/unit5/in_2.v" end time: Jun 17 01:24 -03
"check_if_simulator_runs_./testcases/unit5/in_2.v" time elapsed: 00:00:04
----------------------------------------------------------

101/149 Testing: check_if_parser_runs_./testcases/unit5/in_2.v
101/149 Test: check_if_parser_runs_./testcases/unit5/in_2.v
Command: "/home/renan/iccad2016uffs/test/TestParser1.x" ".././testcases/unit5/in_2.v"
Directory: /home/renan/iccad2016uffs/test
"check_if_parser_runs_./testcases/unit5/in_2.v" start time: Jun 17 01:24 -03
Output:
----------------------------------------------------------
<end of output>
Test time =   3.38 sec
----------------------------------------------------------
Test Passed.
"check_if_parser_runs_./testcases/unit5/in_2.v" end time: Jun 17 01:24 -03
"check_if_parser_runs_./testcases/unit5/in_2.v" time elapsed: 00:00:03
----------------------------------------------------------

102/149 Testing: check_if_simulator_runs_./testcases/unit6_removed/in_1.v
102/149 Test: check_if_simulator_runs_./testcases/unit6_removed/in_1.v
Command: "/home/renan/iccad2016uffs/test/TestSimulateGraph.x" ".././testcases/unit6_removed/in_1.v"
Directory: /home/renan/iccad2016uffs/test
"check_if_simulator_runs_./testcases/unit6_removed/in_1.v" start time: Jun 17 01:24 -03
Output:
----------------------------------------------------------
<end of output>
Test time =   5.74 sec
----------------------------------------------------------
Test Passed.
"check_if_simulator_runs_./testcases/unit6_removed/in_1.v" end time: Jun 17 01:24 -03
"check_if_simulator_runs_./testcases/unit6_removed/in_1.v" time elapsed: 00:00:05
----------------------------------------------------------

103/149 Testing: check_if_parser_runs_./testcases/unit6_removed/in_1.v
103/149 Test: check_if_parser_runs_./testcases/unit6_removed/in_1.v
Command: "/home/renan/iccad2016uffs/test/TestParser1.x" ".././testcases/unit6_removed/in_1.v"
Directory: /home/renan/iccad2016uffs/test
"check_if_parser_runs_./testcases/unit6_removed/in_1.v" start time: Jun 17 01:24 -03
Output:
----------------------------------------------------------
<end of output>
Test time =   4.31 sec
[...]
Test time =   1.22 sec
----------------------------------------------------------
Test Passed.
"check_if_simulator_runs_./testcases/unit11/in_1.v" end time: Jun 17 01:25 -03
"check_if_simulator_runs_./testcases/unit11/in_1.v" time elapsed: 00:00:01
----------------------------------------------------------

123/149 Testing: check_if_parser_runs_./testcases/unit11/in_1.v
123/149 Test: check_if_parser_runs_./testcases/unit11/in_1.v
Command: "/home/renan/iccad2016uffs/test/TestParser1.x" ".././testcases/unit11/in_1.v"
Directory: /home/renan/iccad2016uffs/test
"check_if_parser_runs_./testcases/unit11/in_1.v" start time: Jun 17 01:25 -03
Output:
----------------------------------------------------------
<end of output>
Test time =   0.94 sec
----------------------------------------------------------
Test Passed.
"check_if_parser_runs_./testcases/unit11/in_1.v" end time: Jun 17 01:25 -03
"check_if_parser_runs_./testcases/unit11/in_1.v" time elapsed: 00:00:00
----------------------------------------------------------

124/149 Testing: check_if_simulator_runs_./testcases/unit11/in_2.v
124/149 Test: check_if_simulator_runs_./testcases/unit11/in_2.v
Command: "/home/renan/iccad2016uffs/test/TestSimulateGraph.x" ".././testcases/unit11/in_2.v"
Directory: /home/renan/iccad2016uffs/test
"check_if_simulator_runs_./testcases/unit11/in_2.v" start time: Jun 17 01:25 -03
Output:
----------------------------------------------------------
<end of output>
Test time =   1.30 sec
----------------------------------------------------------
Test Passed.
"check_if_simulator_runs_./testcases/unit11/in_2.v" end time: Jun 17 01:25 -03
"check_if_simulator_runs_./testcases/unit11/in_2.v" time elapsed: 00:00:01
----------------------------------------------------------

125/149 Testing: check_if_parser_runs_./testcases/unit11/in_2.v
125/149 Test: check_if_parser_runs_./testcases/unit11/in_2.v
Command: "/home/renan/iccad2016uffs/test/TestParser1.x" ".././testcases/unit11/in_2.v"
Directory: /home/renan/iccad2016uffs/test
"check_if_parser_runs_./testcases/unit11/in_2.v" start time: Jun 17 01:25 -03
Output:
----------------------------------------------------------
<end of output>
Test time =   1.00 sec
----------------------------------------------------------
Test Passed.
"check_if_parser_runs_./testcases/unit11/in_2.v" end time: Jun 17 01:25 -03
"check_if_parser_runs_./testcases/unit11/in_2.v" time elapsed: 00:00:01
----------------------------------------------------------

126/149 Testing: check_if_simulator_runs_./testcases/unit12/in_1.v
126/149 Test: check_if_simulator_runs_./testcases/unit12/in_1.v
Command: "/home/renan/iccad2016uffs/test/TestSimulateGraph.x" ".././testcases/unit12/in_1.v"
Directory: /home/renan/iccad2016uffs/test
"check_if_simulator_runs_./testcases/unit12/in_1.v" start time: Jun 17 01:25 -03
Output:
----------------------------------------------------------
<end of output>
Test time =   1.80 sec
----------------------------------------------------------
Test Passed.
"check_if_simulator_runs_./testcases/unit12/in_1.v" end time: Jun 17 01:25 -03
"check_if_simulator_runs_./testcases/unit12/in_1.v" time elapsed: 00:00:01
----------------------------------------------------------

127/149 Testing: check_if_parser_runs_./testcases/unit12/in_1.v
127/149 Test: check_if_parser_runs_./testcases/unit12/in_1.v
Command: "/home/renan/iccad2016uffs/test/TestParser1.x" ".././testcases/unit12/in_1.v"
Directory: /home/renan/iccad2016uffs/test
"check_if_parser_runs_./testcases/unit12/in_1.v" start time: Jun 17 01:25 -03
Output:
----------------------------------------------------------
<end of output>
Test time =   1.24 sec
----------------------------------------------------------
Test Passed.
"check_if_parser_runs_./testcases/unit12/in_1.v" end time: Jun 17 01:25 -03
"check_if_parser_runs_./testcases/unit12/in_1.v" time elapsed: 00:00:01
----------------------------------------------------------

128/149 Testing: check_if_simulator_runs_./testcases/unit12/in_2.v
128/149 Test: check_if_simulator_runs_./testcases/unit12/in_2.v
Command: "/home/renan/iccad2016uffs/test/TestSimulateGraph.x" ".././testcases/unit12/in_2.v"
Directory: /home/renan/iccad2016uffs/test
"check_if_simulator_runs_./testcases/unit12/in_2.v" start time: Jun 17 01:25 -03
Output:
----------------------------------------------------------
<end of output>
Test time =   2.78 sec
----------------------------------------------------------
Test Passed.
"check_if_simulator_runs_./testcases/unit12/in_2.v" end time: Jun 17 01:25 -03
"check_if_simulator_runs_./testcases/unit12/in_2.v" time elapsed: 00:00:02
----------------------------------------------------------

129/149 Testing: check_if_parser_runs_./testcases/unit12/in_2.v
129/149 Test: check_if_parser_runs_./testcases/unit12/in_2.v
Command: "/home/renan/iccad2016uffs/test/TestParser1.x" ".././testcases/unit12/in_2.v"
Directory: /home/renan/iccad2016uffs/test
"check_if_parser_runs_./testcases/unit12/in_2.v" start time: Jun 17 01:25 -03
Output:
----------------------------------------------------------
<end of output>
Test time =   2.01 sec
----------------------------------------------------------
Test Passed.
"check_if_parser_runs_./testcases/unit12/in_2.v" end time: Jun 17 01:25 -03
"check_if_parser_runs_./testcases/unit12/in_2.v" time elapsed: 00:00:02
----------------------------------------------------------

130/149 Testing: check_if_simulator_runs_./testcases/unit13/in_1.v
130/149 Test: check_if_simulator_runs_./testcases/unit13/in_1.v
Command: "/home/renan/iccad2016uffs/test/TestSimulateGraph.x" ".././testcases/unit13/in_1.v"
Directory: /home/renan/iccad2016uffs/test
"check_if_simulator_runs_./testcases/unit13/in_1.v" start time: Jun 17 01:25 -03
Output:
----------------------------------------------------------
<end of output>
Test time =   2.73 sec
----------------------------------------------------------
Test Passed.
"check_if_simulator_runs_./testcases/unit13/in_1.v" end time: Jun 17 01:26 -03
"check_if_simulator_runs_./testcases/unit13/in_1.v" time elapsed: 00:00:02
----------------------------------------------------------

131/149 Testing: check_if_parser_runs_./testcases/unit13/in_1.v
131/149 Test: check_if_parser_runs_./testcases/unit13/in_1.v
Command: "/home/renan/iccad2016uffs/test/TestParser1.x" ".././testcases/unit13/in_1.v"
Directory: /home/renan/iccad2016uffs/test
"check_if_parser_runs_./testcases/unit13/in_1.v" start time: Jun 17 01:26 -03
Output:
----------------------------------------------------------
<end of output>
Test time =   1.98 sec
----------------------------------------------------------
Test Passed.
"check_if_parser_runs_./testcases/unit13/in_1.v" end time: Jun 17 01:26 -03
"check_if_parser_runs_./testcases/unit13/in_1.v" time elapsed: 00:00:01
----------------------------------------------------------

132/149 Testing: check_if_simulator_runs_./testcases/unit13/in_2.v
132/149 Test: check_if_simulator_runs_./testcases/unit13/in_2.v
Command: "/home/renan/iccad2016uffs/test/TestSimulateGraph.x" ".././testcases/unit13/in_2.v"
Directory: /home/renan/iccad2016uffs/test
"check_if_simulator_runs_./testcases/unit13/in_2.v" start time: Jun 17 01:26 -03
Output:
----------------------------------------------------------
<end of output>
Test time =   2.68 sec
----------------------------------------------------------
Test Passed.
"check_if_simulator_runs_./testcases/unit13/in_2.v" end time: Jun 17 01:26 -03
"check_if_simulator_runs_./testcases/unit13/in_2.v" time elapsed: 00:00:02
----------------------------------------------------------

133/149 Testing: check_if_parser_runs_./testcases/unit13/in_2.v
133/149 Test: check_if_parser_runs_./testcases/unit13/in_2.v
Command: "/home/renan/iccad2016uffs/test/TestParser1.x" ".././testcases/unit13/in_2.v"
Directory: /home/renan/iccad2016uffs/test
"check_if_parser_runs_./testcases/unit13/in_2.v" start time: Jun 17 01:26 -03
Output:
----------------------------------------------------------
<end of output>
Test time =   1.96 sec
----------------------------------------------------------
Test Passed.
"check_if_parser_runs_./testcases/unit13/in_2.v" end time: Jun 17 01:26 -03
"check_if_parser_runs_./testcases/unit13/in_2.v" time elapsed: 00:00:01
----------------------------------------------------------

134/149 Testing: check_if_simulator_runs_./testcases/unit14/in_1.v
134/149 Test: check_if_simulator_runs_./testcases/unit14/in_1.v
Command: "/home/renan/iccad2016uffs/test/TestSimulateGraph.x" ".././testcases/unit14/in_1.v"
Directory: /home/renan/iccad2016uffs/test
"check_if_simulator_runs_./testcases/unit14/in_1.v" start time: Jun 17 01:26 -03
Output:
----------------------------------------------------------
<end of output>
Test time =   0.71 sec
----------------------------------------------------------
Test Passed.
"check_if_simulator_runs_./testcases/unit14/in_1.v" end time: Jun 17 01:26 -03
"check_if_simulator_runs_./testcases/unit14/in_1.v" time elapsed: 00:00:00
----------------------------------------------------------

135/149 Testing: check_if_parser_runs_./testcases/unit14/in_1.v
135/149 Test: check_if_parser_runs_./testcases/unit14/in_1.v
Command: "/home/renan/iccad2016uffs/test/TestParser1.x" ".././testcases/unit14/in_1.v"
Directory: /home/renan/iccad2016uffs/test
"check_if_parser_runs_./testcases/unit14/in_1.v" start time: Jun 17 01:26 -03
Output:
----------------------------------------------------------
<end of output>
Test time =   0.49 sec
----------------------------------------------------------
Test Passed.
"check_if_parser_runs_./testcases/unit14/in_1.v" end time: Jun 17 01:26 -03
"check_if_parser_runs_./testcases/unit14/in_1.v" time elapsed: 00:00:00
----------------------------------------------------------

136/149 Testing: check_if_simulator_runs_./testcases/unit14/in_2.v
136/149 Test: check_if_simulator_runs_./testcases/unit14/in_2.v
Command: "/home/renan/iccad2016uffs/test/TestSimulateGraph.x" ".././testcases/unit14/in_2.v"
Directory: /home/renan/iccad2016uffs/test
"check_if_simulator_runs_./testcases/unit14/in_2.v" start time: Jun 17 01:26 -03
Output:
----------------------------------------------------------
<end of output>
Test time =   1.50 sec
----------------------------------------------------------
Test Passed.
"check_if_simulator_runs_./testcases/unit14/in_2.v" end time: Jun 17 01:26 -03
"check_if_simulator_runs_./testcases/unit14/in_2.v" time elapsed: 00:00:01
----------------------------------------------------------

137/149 Testing: check_if_parser_runs_./testcases/unit14/in_2.v
137/149 Test: check_if_parser_runs_./testcases/unit14/in_2.v
Command: "/home/renan/iccad2016uffs/test/TestParser1.x" ".././testcases/unit14/in_2.v"
Directory: /home/renan/iccad2016uffs/test
"check_if_parser_runs_./testcases/unit14/in_2.v" start time: Jun 17 01:26 -03
Output:
----------------------------------------------------------
<end of output>
Test time =   1.13 sec
----------------------------------------------------------
Test Passed.
"check_if_parser_runs_./testcases/unit14/in_2.v" end time: Jun 17 01:26 -03
"check_if_parser_runs_./testcases/unit14/in_2.v" time elapsed: 00:00:01
----------------------------------------------------------

138/149 Testing: check_if_simulator_runs_./testcases/unit15/in_2.v
138/149 Test: check_if_simulator_runs_./testcases/unit15/in_2.v
Command: "/home/renan/iccad2016uffs/test/TestSimulateGraph.x" ".././testcases/unit15/in_2.v"
Directory: /home/renan/iccad2016uffs/test
"check_if_simulator_runs_./testcases/unit15/in_2.v" start time: Jun 17 01:26 -03
Output:
----------------------------------------------------------
<end of output>
Test time =   1.65 sec
----------------------------------------------------------
Test Passed.
"check_if_simulator_runs_./testcases/unit15/in_2.v" end time: Jun 17 01:26 -03
"check_if_simulator_runs_./testcases/unit15/in_2.v" time elapsed: 00:00:01
----------------------------------------------------------

139/149 Testing: check_if_parser_runs_./testcases/unit15/in_2.v
139/149 Test: check_if_parser_runs_./testcases/unit15/in_2.v
Command: "/home/renan/iccad2016uffs/test/TestParser1.x" ".././testcases/unit15/in_2.v"
Directory: /home/renan/iccad2016uffs/test
"check_if_parser_runs_./testcases/unit15/in_2.v" start time: Jun 17 01:26 -03
Output:
----------------------------------------------------------
<end of output>
Test time =   1.21 sec
----------------------------------------------------------
Test Passed.
"check_if_parser_runs_./testcases/unit15/in_2.v" end time: Jun 17 01:26 -03
"check_if_parser_runs_./testcases/unit15/in_2.v" time elapsed: 00:00:01
----------------------------------------------------------

140/149 Testing: check_if_simulator_runs_./testcases/unit15/in_1.v
140/149 Test: check_if_simulator_runs_./testcases/unit15/in_1.v
Command: "/home/renan/iccad2016uffs/test/TestSimulateGraph.x" ".././testcases/unit15/in_1.v"
Directory: /home/renan/iccad2016uffs/test
"check_if_simulator_runs_./testcases/unit15/in_1.v" start time: Jun 17 01:26 -03
Output:
----------------------------------------------------------
<end of output>
Test time =   0.72 sec
----------------------------------------------------------
Test Passed.
"check_if_simulator_runs_./testcases/unit15/in_1.v" end time: Jun 17 01:26 -03
"check_if_simulator_runs_./testcases/unit15/in_1.v" time elapsed: 00:00:00
----------------------------------------------------------

141/149 Testing: check_if_parser_runs_./testcases/unit15/in_1.v
141/149 Test: check_if_parser_runs_./testcases/unit15/in_1.v
Command: "/home/renan/iccad2016uffs/test/TestParser1.x" ".././testcases/unit15/in_1.v"
Directory: /home/renan/iccad2016uffs/test
"check_if_parser_runs_./testcases/unit15/in_1.v" start time: Jun 17 01:26 -03
Output:
----------------------------------------------------------
<end of output>
Test time =   0.49 sec
----------------------------------------------------------
Test Passed.
"check_if_parser_runs_./testcases/unit15/in_1.v" end time: Jun 17 01:26 -03
"check_if_parser_runs_./testcases/unit15/in_1.v" time elapsed: 00:00:00
----------------------------------------------------------

142/149 Testing: check_if_simulator_runs_./testcases/unit16/in_1.v
142/149 Test: check_if_simulator_runs_./testcases/unit16/in_1.v
Command: "/home/renan/iccad2016uffs/test/TestSimulateGraph.x" ".././testcases/unit16/in_1.v"
Directory: /home/renan/iccad2016uffs/test
"check_if_simulator_runs_./testcases/unit16/in_1.v" start time: Jun 17 01:26 -03
Output:
----------------------------------------------------------
<end of output>
Test time =   4.34 sec
----------------------------------------------------------
Test Passed.
"check_if_simulator_runs_./testcases/unit16/in_1.v" end time: Jun 17 01:26 -03
"check_if_simulator_runs_./testcases/unit16/in_1.v" time elapsed: 00:00:04
----------------------------------------------------------

143/149 Testing: check_if_parser_runs_./testcases/unit16/in_1.v
143/149 Test: check_if_parser_runs_./testcases/unit16/in_1.v
Command: "/home/renan/iccad2016uffs/test/TestParser1.x" ".././testcases/unit16/in_1.v"
Directory: /home/renan/iccad2016uffs/test
"check_if_parser_runs_./testcases/unit16/in_1.v" start time: Jun 17 01:26 -03
Output:
----------------------------------------------------------
<end of output>
Test time =   3.04 sec
----------------------------------------------------------
Test Passed.
"check_if_parser_runs_./testcases/unit16/in_1.v" end time: Jun 17 01:26 -03
"check_if_parser_runs_./testcases/unit16/in_1.v" time elapsed: 00:00:03
----------------------------------------------------------

144/149 Testing: check_if_simulator_runs_./testcases/unit16/in_2.v
144/149 Test: check_if_simulator_runs_./testcases/unit16/in_2.v
Command: "/home/renan/iccad2016uffs/test/TestSimulateGraph.x" ".././testcases/unit16/in_2.v"
Directory: /home/renan/iccad2016uffs/test
"check_if_simulator_runs_./testcases/unit16/in_2.v" start time: Jun 17 01:26 -03
Output:
----------------------------------------------------------
<end of output>
Test time =   7.89 sec
----------------------------------------------------------
Test Passed.
"check_if_simulator_runs_./testcases/unit16/in_2.v" end time: Jun 17 01:26 -03
"check_if_simulator_runs_./testcases/unit16/in_2.v" time elapsed: 00:00:07
----------------------------------------------------------

145/149 Testing: check_if_parser_runs_./testcases/unit16/in_2.v
145/149 Test: check_if_parser_runs_./testcases/unit16/in_2.v
Command: "/home/renan/iccad2016uffs/test/TestParser1.x" ".././testcases/unit16/in_2.v"
Directory: /home/renan/iccad2016uffs/test
"check_if_parser_runs_./testcases/unit16/in_2.v" start time: Jun 17 01:26 -03
Output:
----------------------------------------------------------
<end of output>
Test time =   5.85 sec
----------------------------------------------------------
Test Passed.
"check_if_parser_runs_./testcases/unit16/in_2.v" end time: Jun 17 01:26 -03
"check_if_parser_runs_./testcases/unit16/in_2.v" time elapsed: 00:00:05
----------------------------------------------------------

146/149 Testing: check_if_simulator_runs_./testcases/unit17/in_1.v
146/149 Test: check_if_simulator_runs_./testcases/unit17/in_1.v
Command: "/home/renan/iccad2016uffs/test/TestSimulateGraph.x" ".././testcases/unit17/in_1.v"
Directory: /home/renan/iccad2016uffs/test
"check_if_simulator_runs_./testcases/unit17/in_1.v" start time: Jun 17 01:26 -03
Output:
----------------------------------------------------------
<end of output>
Test time =   7.58 sec
----------------------------------------------------------
Test Passed.
"check_if_simulator_runs_./testcases/unit17/in_1.v" end time: Jun 17 01:26 -03
"check_if_simulator_runs_./testcases/unit17/in_1.v" time elapsed: 00:00:07
----------------------------------------------------------

147/149 Testing: check_if_parser_runs_./testcases/unit17/in_1.v
147/149 Test: check_if_parser_runs_./testcases/unit17/in_1.v
Command: "/home/renan/iccad2016uffs/test/TestParser1.x" ".././testcases/unit17/in_1.v"
Directory: /home/renan/iccad2016uffs/test
"check_if_parser_runs_./testcases/unit17/in_1.v" start time: Jun 17 01:26 -03
Output:
----------------------------------------------------------
<end of output>
Test time =   5.59 sec
----------------------------------------------------------
Test Passed.
"check_if_parser_runs_./testcases/unit17/in_1.v" end time: Jun 17 01:26 -03
"check_if_parser_runs_./testcases/unit17/in_1.v" time elapsed: 00:00:05
----------------------------------------------------------

148/149 Testing: check_if_simulator_runs_./testcases/unit17/in_2.v
148/149 Test: check_if_simulator_runs_./testcases/unit17/in_2.v
Command: "/home/renan/iccad2016uffs/test/TestSimulateGraph.x" ".././testcases/unit17/in_2.v"
Directory: /home/renan/iccad2016uffs/test
"check_if_simulator_runs_./testcases/unit17/in_2.v" start time: Jun 17 01:26 -03
Output:
----------------------------------------------------------
<end of output>
Test time =   4.27 sec
----------------------------------------------------------
Test Passed.
"check_if_simulator_runs_./testcases/unit17/in_2.v" end time: Jun 17 01:26 -03
"check_if_simulator_runs_./testcases/unit17/in_2.v" time elapsed: 00:00:04
----------------------------------------------------------

149/149 Testing: check_if_parser_runs_./testcases/unit17/in_2.v
149/149 Test: check_if_parser_runs_./testcases/unit17/in_2.v
Command: "/home/renan/iccad2016uffs/test/TestParser1.x" ".././testcases/unit17/in_2.v"
Directory: /home/renan/iccad2016uffs/test
"check_if_parser_runs_./testcases/unit17/in_2.v" start time: Jun 17 01:26 -03
Output:
----------------------------------------------------------
<end of output>
Test time =   3.22 sec
----------------------------------------------------------
Test Passed.
"check_if_parser_runs_./testcases/unit17/in_2.v" end time: Jun 17 01:26 -03
"check_if_parser_runs_./testcases/unit17/in_2.v" time elapsed: 00:00:03
----------------------------------------------------------

End testing: Jun 17 01:26 -03
